2020-12-17 12:30:48.526  INFO MBP-Smilyk --- [           main] c.ConditionerApplication                 : Starting ConditionerApplication on MBP-Smilyk with PID 32258 (/Users/smilyk/Desktop/Project_in_work/Conditioners/conditioners-back/target/classes started by smilyk in /Users/smilyk/Desktop/Project_in_work/Conditioners/conditioners-back)
2020-12-17 12:30:48.546  INFO MBP-Smilyk --- [           main] c.ConditionerApplication                 : No active profile set, falling back to default profiles: default
2020-12-17 12:30:50.204  INFO MBP-Smilyk --- [           main] .s.d.r.c.RepositoryConfigurationDelegate : Bootstrapping Spring Data JPA repositories in DEFERRED mode.
2020-12-17 12:30:50.339  INFO MBP-Smilyk --- [           main] .s.d.r.c.RepositoryConfigurationDelegate : Finished Spring Data repository scanning in 125ms. Found 8 JPA repository interfaces.
2020-12-17 12:30:51.174  INFO MBP-Smilyk --- [           main] o.s.b.w.e.t.TomcatWebServer              : Tomcat initialized with port(s): 8082 (http)
2020-12-17 12:30:51.187  INFO MBP-Smilyk --- [           main] o.a.c.h.Http11NioProtocol                : Initializing ProtocolHandler ["http-nio-8082"]
2020-12-17 12:30:51.188  INFO MBP-Smilyk --- [           main] o.a.c.c.StandardService                  : Starting service [Tomcat]
2020-12-17 12:30:51.188  INFO MBP-Smilyk --- [           main] o.a.c.c.StandardEngine                   : Starting Servlet engine: [Apache Tomcat/9.0.36]
2020-12-17 12:30:51.308  INFO MBP-Smilyk --- [           main] o.a.c.c.C.[.[.[/]                        : Initializing Spring embedded WebApplicationContext
2020-12-17 12:30:51.308  INFO MBP-Smilyk --- [           main] w.s.c.ServletWebServerApplicationContext : Root WebApplicationContext: initialization completed in 2683 ms
2020-12-17 12:30:51.603  INFO MBP-Smilyk --- [           main] o.s.s.c.ThreadPoolTaskExecutor           : Initializing ExecutorService 'applicationTaskExecutor'
2020-12-17 12:30:51.651  INFO MBP-Smilyk --- [         task-1] o.h.j.i.u.LogHelper                      : HHH000204: Processing PersistenceUnitInfo [name: default]
2020-12-17 12:30:51.726  INFO MBP-Smilyk --- [         task-1] o.h.Version                              : HHH000412: Hibernate ORM core version 5.4.17.Final
2020-12-17 12:30:51.955  INFO MBP-Smilyk --- [         task-1] o.h.a.c.Version                          : HCANN000001: Hibernate Commons Annotations {5.1.0.Final}
2020-12-17 12:30:52.135  INFO MBP-Smilyk --- [         task-1] c.z.h.HikariDataSource                   : HikariPool-1 - Starting...
2020-12-17 12:30:52.321  INFO MBP-Smilyk --- [           main] o.s.b.a.e.w.EndpointLinksResolver        : Exposing 14 endpoint(s) beneath base path '/actuator'
2020-12-17 12:30:52.406  INFO MBP-Smilyk --- [           main] pertySourcedRequestMappingHandlerMapping : Mapped URL path [/v2/api-docs] onto method [springfox.documentation.swagger2.web.Swagger2Controller#getDocumentation(String, HttpServletRequest)]
2020-12-17 12:30:52.587  WARN MBP-Smilyk --- [           main] JpaBaseConfiguration$JpaWebConfiguration : spring.jpa.open-in-view is enabled by default. Therefore, database queries may be performed during view rendering. Explicitly configure spring.jpa.open-in-view to disable this warning
2020-12-17 12:30:53.580  INFO MBP-Smilyk --- [         task-1] c.z.h.HikariDataSource                   : HikariPool-1 - Start completed.
2020-12-17 12:30:53.634  INFO MBP-Smilyk --- [         task-1] o.h.d.Dialect                            : HHH000400: Using dialect: org.hibernate.dialect.PostgreSQL10Dialect
2020-12-17 12:30:56.550  INFO MBP-Smilyk --- [         task-1] o.h.e.t.j.p.i.JtaPlatformInitiator       : HHH000490: Using JtaPlatform implementation: [org.hibernate.engine.transaction.jta.platform.internal.NoJtaPlatform]
2020-12-17 12:30:56.570  INFO MBP-Smilyk --- [         task-1] j.LocalContainerEntityManagerFactoryBean : Initialized JPA EntityManagerFactory for persistence unit 'default'
2020-12-17 12:30:56.736  INFO MBP-Smilyk --- [           main] o.a.c.h.Http11NioProtocol                : Starting ProtocolHandler ["http-nio-8082"]
2020-12-17 12:30:56.762  INFO MBP-Smilyk --- [           main] o.s.b.w.e.t.TomcatWebServer              : Tomcat started on port(s): 8082 (http) with context path ''
2020-12-17 12:30:56.763  INFO MBP-Smilyk --- [           main] d.s.w.p.DocumentationPluginsBootstrapper : Context refreshed
2020-12-17 12:30:56.795  INFO MBP-Smilyk --- [           main] d.s.w.p.DocumentationPluginsBootstrapper : Found 1 custom documentation plugin(s)
2020-12-17 12:30:56.856  INFO MBP-Smilyk --- [           main] s.d.s.w.s.ApiListingReferenceScanner     : Scanning for api listing references
2020-12-17 12:30:57.296  INFO MBP-Smilyk --- [           main] .d.s.w.r.o.CachingOperationNameGenerator : Generating unique operation named: handleUsingGET_1
2020-12-17 12:30:57.302  INFO MBP-Smilyk --- [           main] .d.s.w.r.o.CachingOperationNameGenerator : Generating unique operation named: handleUsingGET_2
2020-12-17 12:30:57.305  INFO MBP-Smilyk --- [           main] .d.s.w.r.o.CachingOperationNameGenerator : Generating unique operation named: handleUsingDELETE_1
2020-12-17 12:30:57.309  INFO MBP-Smilyk --- [           main] .d.s.w.r.o.CachingOperationNameGenerator : Generating unique operation named: handleUsingGET_3
2020-12-17 12:30:57.312  INFO MBP-Smilyk --- [           main] .d.s.w.r.o.CachingOperationNameGenerator : Generating unique operation named: handleUsingGET_4
2020-12-17 12:30:57.316  INFO MBP-Smilyk --- [           main] .d.s.w.r.o.CachingOperationNameGenerator : Generating unique operation named: handleUsingGET_5
2020-12-17 12:30:57.321  INFO MBP-Smilyk --- [           main] .d.s.w.r.o.CachingOperationNameGenerator : Generating unique operation named: handleUsingGET_6
2020-12-17 12:30:57.324  INFO MBP-Smilyk --- [           main] .d.s.w.r.o.CachingOperationNameGenerator : Generating unique operation named: handleUsingGET_7
2020-12-17 12:30:57.329  INFO MBP-Smilyk --- [           main] .d.s.w.r.o.CachingOperationNameGenerator : Generating unique operation named: handleUsingGET_8
2020-12-17 12:30:57.340  INFO MBP-Smilyk --- [           main] .d.s.w.r.o.CachingOperationNameGenerator : Generating unique operation named: handleUsingGET_9
2020-12-17 12:30:57.344  INFO MBP-Smilyk --- [           main] .d.s.w.r.o.CachingOperationNameGenerator : Generating unique operation named: handleUsingGET_10
2020-12-17 12:30:57.351  INFO MBP-Smilyk --- [           main] .d.s.w.r.o.CachingOperationNameGenerator : Generating unique operation named: handleUsingGET_11
2020-12-17 12:30:57.355  INFO MBP-Smilyk --- [           main] .d.s.w.r.o.CachingOperationNameGenerator : Generating unique operation named: handleUsingGET_12
2020-12-17 12:30:57.359  INFO MBP-Smilyk --- [           main] .d.s.w.r.o.CachingOperationNameGenerator : Generating unique operation named: handleUsingGET_13
2020-12-17 12:30:57.367  INFO MBP-Smilyk --- [           main] .d.s.w.r.o.CachingOperationNameGenerator : Generating unique operation named: handleUsingGET_14
2020-12-17 12:30:57.372  INFO MBP-Smilyk --- [           main] .d.s.w.r.o.CachingOperationNameGenerator : Generating unique operation named: handleUsingGET_15
2020-12-17 12:30:57.374  INFO MBP-Smilyk --- [           main] .d.s.w.r.o.CachingOperationNameGenerator : Generating unique operation named: handleUsingGET_16
2020-12-17 12:30:57.377  INFO MBP-Smilyk --- [           main] .d.s.w.r.o.CachingOperationNameGenerator : Generating unique operation named: handleUsingPOST_1
2020-12-17 12:30:57.383  INFO MBP-Smilyk --- [           main] .d.s.w.r.o.CachingOperationNameGenerator : Generating unique operation named: handleUsingGET_17
2020-12-17 12:30:57.468  INFO MBP-Smilyk --- [           main] .d.s.w.r.o.CachingOperationNameGenerator : Generating unique operation named: getAllConditionerWithMissedTypeMaintenanceUsingGET_1
2020-12-17 12:30:57.489  INFO MBP-Smilyk --- [           main] DeferredRepositoryInitializationListener : Triggering deferred initialization of Spring Data repositories…
2020-12-17 12:30:58.030  INFO MBP-Smilyk --- [           main] DeferredRepositoryInitializationListener : Spring Data repositories initialized!
2020-12-17 12:30:58.045  INFO MBP-Smilyk --- [           main] c.ConditionerApplication                 : Started ConditionerApplication in 10.004 seconds (JVM running for 13.389)
2020-12-17 12:30:58.052  INFO MBP-Smilyk --- [           main] c.ConditionerApplication                 : Logger start
2020-12-17 12:32:08.008  INFO MBP-Smilyk --- [nio-8082-exec-1] o.a.c.c.C.[.[.[/]                        : Initializing Spring DispatcherServlet 'dispatcherServlet'
2020-12-17 12:32:08.008  INFO MBP-Smilyk --- [nio-8082-exec-1] o.s.w.s.DispatcherServlet                : Initializing Servlet 'dispatcherServlet'
2020-12-17 12:32:08.020  INFO MBP-Smilyk --- [nio-8082-exec-1] o.s.w.s.DispatcherServlet                : Completed initialization in 12 ms
2020-12-17 12:55:09.831  INFO MBP-Smilyk --- [extShutdownHook] j.LocalContainerEntityManagerFactoryBean : Closing JPA EntityManagerFactory for persistence unit 'default'
2020-12-17 12:55:09.834  INFO MBP-Smilyk --- [extShutdownHook] o.s.s.c.ThreadPoolTaskExecutor           : Shutting down ExecutorService 'applicationTaskExecutor'
2020-12-17 12:55:09.835  INFO MBP-Smilyk --- [extShutdownHook] c.z.h.HikariDataSource                   : HikariPool-1 - Shutdown initiated...
2020-12-17 12:55:09.847  INFO MBP-Smilyk --- [extShutdownHook] c.z.h.HikariDataSource                   : HikariPool-1 - Shutdown completed.
2020-12-17 12:55:16.870  INFO MBP-Smilyk --- [           main] c.ConditionerApplication                 : Starting ConditionerApplication on MBP-Smilyk with PID 32398 (/Users/smilyk/Desktop/Project_in_work/Conditioners/conditioners-back/target/classes started by smilyk in /Users/smilyk/Desktop/Project_in_work/Conditioners/conditioners-back)
2020-12-17 12:55:16.893  INFO MBP-Smilyk --- [           main] c.ConditionerApplication                 : No active profile set, falling back to default profiles: default
2020-12-17 12:55:18.974  INFO MBP-Smilyk --- [           main] .s.d.r.c.RepositoryConfigurationDelegate : Bootstrapping Spring Data JPA repositories in DEFERRED mode.
2020-12-17 12:55:19.100  INFO MBP-Smilyk --- [           main] .s.d.r.c.RepositoryConfigurationDelegate : Finished Spring Data repository scanning in 116ms. Found 8 JPA repository interfaces.
2020-12-17 12:55:20.078  INFO MBP-Smilyk --- [           main] o.s.b.w.e.t.TomcatWebServer              : Tomcat initialized with port(s): 8082 (http)
2020-12-17 12:55:20.091  INFO MBP-Smilyk --- [           main] o.a.c.h.Http11NioProtocol                : Initializing ProtocolHandler ["http-nio-8082"]
2020-12-17 12:55:20.092  INFO MBP-Smilyk --- [           main] o.a.c.c.StandardService                  : Starting service [Tomcat]
2020-12-17 12:55:20.092  INFO MBP-Smilyk --- [           main] o.a.c.c.StandardEngine                   : Starting Servlet engine: [Apache Tomcat/9.0.36]
2020-12-17 12:55:20.236  INFO MBP-Smilyk --- [           main] o.a.c.c.C.[.[.[/]                        : Initializing Spring embedded WebApplicationContext
2020-12-17 12:55:20.236  INFO MBP-Smilyk --- [           main] w.s.c.ServletWebServerApplicationContext : Root WebApplicationContext: initialization completed in 3278 ms
2020-12-17 12:55:20.635  INFO MBP-Smilyk --- [           main] o.s.s.c.ThreadPoolTaskExecutor           : Initializing ExecutorService 'applicationTaskExecutor'
2020-12-17 12:55:20.699  INFO MBP-Smilyk --- [         task-1] o.h.j.i.u.LogHelper                      : HHH000204: Processing PersistenceUnitInfo [name: default]
2020-12-17 12:55:20.765  INFO MBP-Smilyk --- [         task-1] o.h.Version                              : HHH000412: Hibernate ORM core version 5.4.17.Final
2020-12-17 12:55:20.967  INFO MBP-Smilyk --- [         task-1] o.h.a.c.Version                          : HCANN000001: Hibernate Commons Annotations {5.1.0.Final}
2020-12-17 12:55:21.129  INFO MBP-Smilyk --- [         task-1] c.z.h.HikariDataSource                   : HikariPool-1 - Starting...
2020-12-17 12:55:21.802  INFO MBP-Smilyk --- [           main] o.s.b.a.e.w.EndpointLinksResolver        : Exposing 14 endpoint(s) beneath base path '/actuator'
2020-12-17 12:55:22.016  INFO MBP-Smilyk --- [           main] pertySourcedRequestMappingHandlerMapping : Mapped URL path [/v2/api-docs] onto method [springfox.documentation.swagger2.web.Swagger2Controller#getDocumentation(String, HttpServletRequest)]
2020-12-17 12:55:22.297  WARN MBP-Smilyk --- [           main] JpaBaseConfiguration$JpaWebConfiguration : spring.jpa.open-in-view is enabled by default. Therefore, database queries may be performed during view rendering. Explicitly configure spring.jpa.open-in-view to disable this warning
2020-12-17 12:55:22.982  INFO MBP-Smilyk --- [         task-1] c.z.h.HikariDataSource                   : HikariPool-1 - Start completed.
2020-12-17 12:55:23.020  INFO MBP-Smilyk --- [         task-1] o.h.d.Dialect                            : HHH000400: Using dialect: org.hibernate.dialect.PostgreSQL10Dialect
2020-12-17 12:55:26.267  INFO MBP-Smilyk --- [         task-1] o.h.e.t.j.p.i.JtaPlatformInitiator       : HHH000490: Using JtaPlatform implementation: [org.hibernate.engine.transaction.jta.platform.internal.NoJtaPlatform]
2020-12-17 12:55:26.295  INFO MBP-Smilyk --- [         task-1] j.LocalContainerEntityManagerFactoryBean : Initialized JPA EntityManagerFactory for persistence unit 'default'
2020-12-17 12:55:26.543  INFO MBP-Smilyk --- [           main] o.a.c.h.Http11NioProtocol                : Starting ProtocolHandler ["http-nio-8082"]
2020-12-17 12:55:26.564  INFO MBP-Smilyk --- [           main] o.s.b.w.e.t.TomcatWebServer              : Tomcat started on port(s): 8082 (http) with context path ''
2020-12-17 12:55:26.565  INFO MBP-Smilyk --- [           main] d.s.w.p.DocumentationPluginsBootstrapper : Context refreshed
2020-12-17 12:55:26.591  INFO MBP-Smilyk --- [           main] d.s.w.p.DocumentationPluginsBootstrapper : Found 1 custom documentation plugin(s)
2020-12-17 12:55:26.649  INFO MBP-Smilyk --- [           main] s.d.s.w.s.ApiListingReferenceScanner     : Scanning for api listing references
2020-12-17 12:55:26.940  INFO MBP-Smilyk --- [           main] .d.s.w.r.o.CachingOperationNameGenerator : Generating unique operation named: handleUsingGET_1
2020-12-17 12:55:26.945  INFO MBP-Smilyk --- [           main] .d.s.w.r.o.CachingOperationNameGenerator : Generating unique operation named: handleUsingGET_2
2020-12-17 12:55:26.947  INFO MBP-Smilyk --- [           main] .d.s.w.r.o.CachingOperationNameGenerator : Generating unique operation named: handleUsingDELETE_1
2020-12-17 12:55:26.950  INFO MBP-Smilyk --- [           main] .d.s.w.r.o.CachingOperationNameGenerator : Generating unique operation named: handleUsingGET_3
2020-12-17 12:55:26.952  INFO MBP-Smilyk --- [           main] .d.s.w.r.o.CachingOperationNameGenerator : Generating unique operation named: handleUsingGET_4
2020-12-17 12:55:26.954  INFO MBP-Smilyk --- [           main] .d.s.w.r.o.CachingOperationNameGenerator : Generating unique operation named: handleUsingGET_5
2020-12-17 12:55:26.957  INFO MBP-Smilyk --- [           main] .d.s.w.r.o.CachingOperationNameGenerator : Generating unique operation named: handleUsingGET_6
2020-12-17 12:55:26.959  INFO MBP-Smilyk --- [           main] .d.s.w.r.o.CachingOperationNameGenerator : Generating unique operation named: handleUsingGET_7
2020-12-17 12:55:26.962  INFO MBP-Smilyk --- [           main] .d.s.w.r.o.CachingOperationNameGenerator : Generating unique operation named: handleUsingGET_8
2020-12-17 12:55:26.964  INFO MBP-Smilyk --- [           main] .d.s.w.r.o.CachingOperationNameGenerator : Generating unique operation named: handleUsingGET_9
2020-12-17 12:55:26.967  INFO MBP-Smilyk --- [           main] .d.s.w.r.o.CachingOperationNameGenerator : Generating unique operation named: handleUsingGET_10
2020-12-17 12:55:26.971  INFO MBP-Smilyk --- [           main] .d.s.w.r.o.CachingOperationNameGenerator : Generating unique operation named: handleUsingGET_11
2020-12-17 12:55:26.974  INFO MBP-Smilyk --- [           main] .d.s.w.r.o.CachingOperationNameGenerator : Generating unique operation named: handleUsingGET_12
2020-12-17 12:55:26.976  INFO MBP-Smilyk --- [           main] .d.s.w.r.o.CachingOperationNameGenerator : Generating unique operation named: handleUsingGET_13
2020-12-17 12:55:26.979  INFO MBP-Smilyk --- [           main] .d.s.w.r.o.CachingOperationNameGenerator : Generating unique operation named: handleUsingGET_14
2020-12-17 12:55:26.981  INFO MBP-Smilyk --- [           main] .d.s.w.r.o.CachingOperationNameGenerator : Generating unique operation named: handleUsingGET_15
2020-12-17 12:55:26.983  INFO MBP-Smilyk --- [           main] .d.s.w.r.o.CachingOperationNameGenerator : Generating unique operation named: handleUsingGET_16
2020-12-17 12:55:26.985  INFO MBP-Smilyk --- [           main] .d.s.w.r.o.CachingOperationNameGenerator : Generating unique operation named: handleUsingPOST_1
2020-12-17 12:55:26.988  INFO MBP-Smilyk --- [           main] .d.s.w.r.o.CachingOperationNameGenerator : Generating unique operation named: handleUsingGET_17
2020-12-17 12:55:27.106  INFO MBP-Smilyk --- [           main] .d.s.w.r.o.CachingOperationNameGenerator : Generating unique operation named: getAllConditionerWithMissedTypeMaintenanceUsingGET_1
2020-12-17 12:55:27.129  INFO MBP-Smilyk --- [           main] DeferredRepositoryInitializationListener : Triggering deferred initialization of Spring Data repositories…
2020-12-17 12:55:27.656  INFO MBP-Smilyk --- [           main] DeferredRepositoryInitializationListener : Spring Data repositories initialized!
2020-12-17 12:55:27.668  INFO MBP-Smilyk --- [           main] c.ConditionerApplication                 : Started ConditionerApplication in 11.545 seconds (JVM running for 13.94)
2020-12-17 12:55:27.675  INFO MBP-Smilyk --- [           main] c.ConditionerApplication                 : Logger start
2020-12-17 12:59:44.251  INFO MBP-Smilyk --- [extShutdownHook] j.LocalContainerEntityManagerFactoryBean : Closing JPA EntityManagerFactory for persistence unit 'default'
2020-12-17 12:59:44.257  INFO MBP-Smilyk --- [extShutdownHook] o.s.s.c.ThreadPoolTaskExecutor           : Shutting down ExecutorService 'applicationTaskExecutor'
2020-12-17 12:59:44.258  INFO MBP-Smilyk --- [extShutdownHook] c.z.h.HikariDataSource                   : HikariPool-1 - Shutdown initiated...
2020-12-17 12:59:44.266  INFO MBP-Smilyk --- [extShutdownHook] c.z.h.HikariDataSource                   : HikariPool-1 - Shutdown completed.
2020-12-17 12:59:48.746  INFO MBP-Smilyk --- [           main] c.ConditionerApplication                 : Starting ConditionerApplication on MBP-Smilyk with PID 32445 (/Users/smilyk/Desktop/Project_in_work/Conditioners/conditioners-back/target/classes started by smilyk in /Users/smilyk/Desktop/Project_in_work/Conditioners/conditioners-back)
2020-12-17 12:59:48.759  INFO MBP-Smilyk --- [           main] c.ConditionerApplication                 : No active profile set, falling back to default profiles: default
2020-12-17 12:59:50.682  INFO MBP-Smilyk --- [           main] .s.d.r.c.RepositoryConfigurationDelegate : Bootstrapping Spring Data JPA repositories in DEFERRED mode.
2020-12-17 12:59:50.820  INFO MBP-Smilyk --- [           main] .s.d.r.c.RepositoryConfigurationDelegate : Finished Spring Data repository scanning in 128ms. Found 8 JPA repository interfaces.
2020-12-17 12:59:51.693  INFO MBP-Smilyk --- [           main] o.s.b.w.e.t.TomcatWebServer              : Tomcat initialized with port(s): 8082 (http)
2020-12-17 12:59:51.704  INFO MBP-Smilyk --- [           main] o.a.c.h.Http11NioProtocol                : Initializing ProtocolHandler ["http-nio-8082"]
2020-12-17 12:59:51.705  INFO MBP-Smilyk --- [           main] o.a.c.c.StandardService                  : Starting service [Tomcat]
2020-12-17 12:59:51.705  INFO MBP-Smilyk --- [           main] o.a.c.c.StandardEngine                   : Starting Servlet engine: [Apache Tomcat/9.0.36]
2020-12-17 12:59:51.828  INFO MBP-Smilyk --- [           main] o.a.c.c.C.[.[.[/]                        : Initializing Spring embedded WebApplicationContext
2020-12-17 12:59:51.829  INFO MBP-Smilyk --- [           main] w.s.c.ServletWebServerApplicationContext : Root WebApplicationContext: initialization completed in 2956 ms
2020-12-17 12:59:52.174  INFO MBP-Smilyk --- [           main] o.s.s.c.ThreadPoolTaskExecutor           : Initializing ExecutorService 'applicationTaskExecutor'
2020-12-17 12:59:52.220  INFO MBP-Smilyk --- [         task-1] o.h.j.i.u.LogHelper                      : HHH000204: Processing PersistenceUnitInfo [name: default]
2020-12-17 12:59:52.284  INFO MBP-Smilyk --- [         task-1] o.h.Version                              : HHH000412: Hibernate ORM core version 5.4.17.Final
2020-12-17 12:59:52.498  INFO MBP-Smilyk --- [         task-1] o.h.a.c.Version                          : HCANN000001: Hibernate Commons Annotations {5.1.0.Final}
2020-12-17 12:59:52.656  INFO MBP-Smilyk --- [         task-1] c.z.h.HikariDataSource                   : HikariPool-1 - Starting...
2020-12-17 12:59:52.884  INFO MBP-Smilyk --- [           main] o.s.b.a.e.w.EndpointLinksResolver        : Exposing 14 endpoint(s) beneath base path '/actuator'
2020-12-17 12:59:53.010  INFO MBP-Smilyk --- [           main] pertySourcedRequestMappingHandlerMapping : Mapped URL path [/v2/api-docs] onto method [springfox.documentation.swagger2.web.Swagger2Controller#getDocumentation(String, HttpServletRequest)]
2020-12-17 12:59:53.277  WARN MBP-Smilyk --- [           main] JpaBaseConfiguration$JpaWebConfiguration : spring.jpa.open-in-view is enabled by default. Therefore, database queries may be performed during view rendering. Explicitly configure spring.jpa.open-in-view to disable this warning
2020-12-17 12:59:54.137  INFO MBP-Smilyk --- [         task-1] c.z.h.HikariDataSource                   : HikariPool-1 - Start completed.
2020-12-17 12:59:54.190  INFO MBP-Smilyk --- [         task-1] o.h.d.Dialect                            : HHH000400: Using dialect: org.hibernate.dialect.PostgreSQL10Dialect
2020-12-17 12:59:57.105  INFO MBP-Smilyk --- [         task-1] o.h.e.t.j.p.i.JtaPlatformInitiator       : HHH000490: Using JtaPlatform implementation: [org.hibernate.engine.transaction.jta.platform.internal.NoJtaPlatform]
2020-12-17 12:59:57.123  INFO MBP-Smilyk --- [         task-1] j.LocalContainerEntityManagerFactoryBean : Initialized JPA EntityManagerFactory for persistence unit 'default'
2020-12-17 12:59:57.250  INFO MBP-Smilyk --- [           main] o.a.c.h.Http11NioProtocol                : Starting ProtocolHandler ["http-nio-8082"]
2020-12-17 12:59:57.282  INFO MBP-Smilyk --- [           main] o.s.b.w.e.t.TomcatWebServer              : Tomcat started on port(s): 8082 (http) with context path ''
2020-12-17 12:59:57.283  INFO MBP-Smilyk --- [           main] d.s.w.p.DocumentationPluginsBootstrapper : Context refreshed
2020-12-17 12:59:57.305  INFO MBP-Smilyk --- [           main] d.s.w.p.DocumentationPluginsBootstrapper : Found 1 custom documentation plugin(s)
2020-12-17 12:59:57.362  INFO MBP-Smilyk --- [           main] s.d.s.w.s.ApiListingReferenceScanner     : Scanning for api listing references
2020-12-17 12:59:57.780  INFO MBP-Smilyk --- [           main] .d.s.w.r.o.CachingOperationNameGenerator : Generating unique operation named: handleUsingGET_1
2020-12-17 12:59:57.784  INFO MBP-Smilyk --- [           main] .d.s.w.r.o.CachingOperationNameGenerator : Generating unique operation named: handleUsingGET_2
2020-12-17 12:59:57.787  INFO MBP-Smilyk --- [           main] .d.s.w.r.o.CachingOperationNameGenerator : Generating unique operation named: handleUsingDELETE_1
2020-12-17 12:59:57.790  INFO MBP-Smilyk --- [           main] .d.s.w.r.o.CachingOperationNameGenerator : Generating unique operation named: handleUsingGET_3
2020-12-17 12:59:57.793  INFO MBP-Smilyk --- [           main] .d.s.w.r.o.CachingOperationNameGenerator : Generating unique operation named: handleUsingGET_4
2020-12-17 12:59:57.797  INFO MBP-Smilyk --- [           main] .d.s.w.r.o.CachingOperationNameGenerator : Generating unique operation named: handleUsingGET_5
2020-12-17 12:59:57.800  INFO MBP-Smilyk --- [           main] .d.s.w.r.o.CachingOperationNameGenerator : Generating unique operation named: handleUsingGET_6
2020-12-17 12:59:57.803  INFO MBP-Smilyk --- [           main] .d.s.w.r.o.CachingOperationNameGenerator : Generating unique operation named: handleUsingGET_7
2020-12-17 12:59:57.806  INFO MBP-Smilyk --- [           main] .d.s.w.r.o.CachingOperationNameGenerator : Generating unique operation named: handleUsingGET_8
2020-12-17 12:59:57.808  INFO MBP-Smilyk --- [           main] .d.s.w.r.o.CachingOperationNameGenerator : Generating unique operation named: handleUsingGET_9
2020-12-17 12:59:57.811  INFO MBP-Smilyk --- [           main] .d.s.w.r.o.CachingOperationNameGenerator : Generating unique operation named: handleUsingGET_10
2020-12-17 12:59:57.816  INFO MBP-Smilyk --- [           main] .d.s.w.r.o.CachingOperationNameGenerator : Generating unique operation named: handleUsingGET_11
2020-12-17 12:59:57.818  INFO MBP-Smilyk --- [           main] .d.s.w.r.o.CachingOperationNameGenerator : Generating unique operation named: handleUsingGET_12
2020-12-17 12:59:57.821  INFO MBP-Smilyk --- [           main] .d.s.w.r.o.CachingOperationNameGenerator : Generating unique operation named: handleUsingGET_13
2020-12-17 12:59:57.823  INFO MBP-Smilyk --- [           main] .d.s.w.r.o.CachingOperationNameGenerator : Generating unique operation named: handleUsingGET_14
2020-12-17 12:59:57.825  INFO MBP-Smilyk --- [           main] .d.s.w.r.o.CachingOperationNameGenerator : Generating unique operation named: handleUsingGET_15
2020-12-17 12:59:57.828  INFO MBP-Smilyk --- [           main] .d.s.w.r.o.CachingOperationNameGenerator : Generating unique operation named: handleUsingGET_16
2020-12-17 12:59:57.830  INFO MBP-Smilyk --- [           main] .d.s.w.r.o.CachingOperationNameGenerator : Generating unique operation named: handleUsingPOST_1
2020-12-17 12:59:57.833  INFO MBP-Smilyk --- [           main] .d.s.w.r.o.CachingOperationNameGenerator : Generating unique operation named: handleUsingGET_17
2020-12-17 12:59:57.917  INFO MBP-Smilyk --- [           main] .d.s.w.r.o.CachingOperationNameGenerator : Generating unique operation named: getAllConditionerWithMissedTypeMaintenanceUsingGET_1
2020-12-17 12:59:57.945  INFO MBP-Smilyk --- [           main] DeferredRepositoryInitializationListener : Triggering deferred initialization of Spring Data repositories…
2020-12-17 12:59:58.446  INFO MBP-Smilyk --- [           main] DeferredRepositoryInitializationListener : Spring Data repositories initialized!
2020-12-17 12:59:58.464  INFO MBP-Smilyk --- [           main] c.ConditionerApplication                 : Started ConditionerApplication in 10.449 seconds (JVM running for 12.328)
2020-12-17 12:59:58.470  INFO MBP-Smilyk --- [           main] c.ConditionerApplication                 : Logger start
2020-12-17 13:05:16.267  INFO MBP-Smilyk --- [extShutdownHook] j.LocalContainerEntityManagerFactoryBean : Closing JPA EntityManagerFactory for persistence unit 'default'
2020-12-17 13:05:16.273  INFO MBP-Smilyk --- [extShutdownHook] o.s.s.c.ThreadPoolTaskExecutor           : Shutting down ExecutorService 'applicationTaskExecutor'
2020-12-17 13:05:16.274  INFO MBP-Smilyk --- [extShutdownHook] c.z.h.HikariDataSource                   : HikariPool-1 - Shutdown initiated...
2020-12-17 13:05:16.281  INFO MBP-Smilyk --- [extShutdownHook] c.z.h.HikariDataSource                   : HikariPool-1 - Shutdown completed.
2020-12-17 13:05:21.268  INFO MBP-Smilyk --- [           main] c.ConditionerApplication                 : Starting ConditionerApplication on MBP-Smilyk with PID 32494 (/Users/smilyk/Desktop/Project_in_work/Conditioners/conditioners-back/target/classes started by smilyk in /Users/smilyk/Desktop/Project_in_work/Conditioners/conditioners-back)
2020-12-17 13:05:21.285  INFO MBP-Smilyk --- [           main] c.ConditionerApplication                 : No active profile set, falling back to default profiles: default
2020-12-17 13:05:22.995  INFO MBP-Smilyk --- [           main] .s.d.r.c.RepositoryConfigurationDelegate : Bootstrapping Spring Data JPA repositories in DEFERRED mode.
2020-12-17 13:05:23.132  INFO MBP-Smilyk --- [           main] .s.d.r.c.RepositoryConfigurationDelegate : Finished Spring Data repository scanning in 127ms. Found 8 JPA repository interfaces.
2020-12-17 13:05:23.968  INFO MBP-Smilyk --- [           main] o.s.b.w.e.t.TomcatWebServer              : Tomcat initialized with port(s): 8082 (http)
2020-12-17 13:05:23.982  INFO MBP-Smilyk --- [           main] o.a.c.h.Http11NioProtocol                : Initializing ProtocolHandler ["http-nio-8082"]
2020-12-17 13:05:23.983  INFO MBP-Smilyk --- [           main] o.a.c.c.StandardService                  : Starting service [Tomcat]
2020-12-17 13:05:23.983  INFO MBP-Smilyk --- [           main] o.a.c.c.StandardEngine                   : Starting Servlet engine: [Apache Tomcat/9.0.36]
2020-12-17 13:05:24.118  INFO MBP-Smilyk --- [           main] o.a.c.c.C.[.[.[/]                        : Initializing Spring embedded WebApplicationContext
2020-12-17 13:05:24.118  INFO MBP-Smilyk --- [           main] w.s.c.ServletWebServerApplicationContext : Root WebApplicationContext: initialization completed in 2681 ms
2020-12-17 13:05:24.469  INFO MBP-Smilyk --- [           main] o.s.s.c.ThreadPoolTaskExecutor           : Initializing ExecutorService 'applicationTaskExecutor'
2020-12-17 13:05:24.519  INFO MBP-Smilyk --- [         task-1] o.h.j.i.u.LogHelper                      : HHH000204: Processing PersistenceUnitInfo [name: default]
2020-12-17 13:05:24.581  INFO MBP-Smilyk --- [         task-1] o.h.Version                              : HHH000412: Hibernate ORM core version 5.4.17.Final
2020-12-17 13:05:24.770  INFO MBP-Smilyk --- [         task-1] o.h.a.c.Version                          : HCANN000001: Hibernate Commons Annotations {5.1.0.Final}
2020-12-17 13:05:24.930  INFO MBP-Smilyk --- [         task-1] c.z.h.HikariDataSource                   : HikariPool-1 - Starting...
2020-12-17 13:05:25.227  INFO MBP-Smilyk --- [           main] o.s.b.a.e.w.EndpointLinksResolver        : Exposing 14 endpoint(s) beneath base path '/actuator'
2020-12-17 13:05:25.376  INFO MBP-Smilyk --- [           main] pertySourcedRequestMappingHandlerMapping : Mapped URL path [/v2/api-docs] onto method [springfox.documentation.swagger2.web.Swagger2Controller#getDocumentation(String, HttpServletRequest)]
2020-12-17 13:05:25.559  WARN MBP-Smilyk --- [           main] JpaBaseConfiguration$JpaWebConfiguration : spring.jpa.open-in-view is enabled by default. Therefore, database queries may be performed during view rendering. Explicitly configure spring.jpa.open-in-view to disable this warning
2020-12-17 13:05:26.214  INFO MBP-Smilyk --- [         task-1] c.z.h.HikariDataSource                   : HikariPool-1 - Start completed.
2020-12-17 13:05:26.258  INFO MBP-Smilyk --- [         task-1] o.h.d.Dialect                            : HHH000400: Using dialect: org.hibernate.dialect.PostgreSQL10Dialect
2020-12-17 13:05:28.867  INFO MBP-Smilyk --- [         task-1] o.h.e.t.j.p.i.JtaPlatformInitiator       : HHH000490: Using JtaPlatform implementation: [org.hibernate.engine.transaction.jta.platform.internal.NoJtaPlatform]
2020-12-17 13:05:28.885  INFO MBP-Smilyk --- [         task-1] j.LocalContainerEntityManagerFactoryBean : Initialized JPA EntityManagerFactory for persistence unit 'default'
2020-12-17 13:05:29.015  INFO MBP-Smilyk --- [           main] o.a.c.h.Http11NioProtocol                : Starting ProtocolHandler ["http-nio-8082"]
2020-12-17 13:05:29.049  INFO MBP-Smilyk --- [           main] o.s.b.w.e.t.TomcatWebServer              : Tomcat started on port(s): 8082 (http) with context path ''
2020-12-17 13:05:29.050  INFO MBP-Smilyk --- [           main] d.s.w.p.DocumentationPluginsBootstrapper : Context refreshed
2020-12-17 13:05:29.071  INFO MBP-Smilyk --- [           main] d.s.w.p.DocumentationPluginsBootstrapper : Found 1 custom documentation plugin(s)
2020-12-17 13:05:29.138  INFO MBP-Smilyk --- [           main] s.d.s.w.s.ApiListingReferenceScanner     : Scanning for api listing references
2020-12-17 13:05:29.442  INFO MBP-Smilyk --- [           main] .d.s.w.r.o.CachingOperationNameGenerator : Generating unique operation named: handleUsingGET_1
2020-12-17 13:05:29.446  INFO MBP-Smilyk --- [           main] .d.s.w.r.o.CachingOperationNameGenerator : Generating unique operation named: handleUsingGET_2
2020-12-17 13:05:29.448  INFO MBP-Smilyk --- [           main] .d.s.w.r.o.CachingOperationNameGenerator : Generating unique operation named: handleUsingDELETE_1
2020-12-17 13:05:29.451  INFO MBP-Smilyk --- [           main] .d.s.w.r.o.CachingOperationNameGenerator : Generating unique operation named: handleUsingGET_3
2020-12-17 13:05:29.454  INFO MBP-Smilyk --- [           main] .d.s.w.r.o.CachingOperationNameGenerator : Generating unique operation named: handleUsingGET_4
2020-12-17 13:05:29.457  INFO MBP-Smilyk --- [           main] .d.s.w.r.o.CachingOperationNameGenerator : Generating unique operation named: handleUsingGET_5
2020-12-17 13:05:29.460  INFO MBP-Smilyk --- [           main] .d.s.w.r.o.CachingOperationNameGenerator : Generating unique operation named: handleUsingGET_6
2020-12-17 13:05:29.462  INFO MBP-Smilyk --- [           main] .d.s.w.r.o.CachingOperationNameGenerator : Generating unique operation named: handleUsingGET_7
2020-12-17 13:05:29.465  INFO MBP-Smilyk --- [           main] .d.s.w.r.o.CachingOperationNameGenerator : Generating unique operation named: handleUsingGET_8
2020-12-17 13:05:29.468  INFO MBP-Smilyk --- [           main] .d.s.w.r.o.CachingOperationNameGenerator : Generating unique operation named: handleUsingGET_9
2020-12-17 13:05:29.471  INFO MBP-Smilyk --- [           main] .d.s.w.r.o.CachingOperationNameGenerator : Generating unique operation named: handleUsingGET_10
2020-12-17 13:05:29.475  INFO MBP-Smilyk --- [           main] .d.s.w.r.o.CachingOperationNameGenerator : Generating unique operation named: handleUsingGET_11
2020-12-17 13:05:29.477  INFO MBP-Smilyk --- [           main] .d.s.w.r.o.CachingOperationNameGenerator : Generating unique operation named: handleUsingGET_12
2020-12-17 13:05:29.480  INFO MBP-Smilyk --- [           main] .d.s.w.r.o.CachingOperationNameGenerator : Generating unique operation named: handleUsingGET_13
2020-12-17 13:05:29.482  INFO MBP-Smilyk --- [           main] .d.s.w.r.o.CachingOperationNameGenerator : Generating unique operation named: handleUsingGET_14
2020-12-17 13:05:29.485  INFO MBP-Smilyk --- [           main] .d.s.w.r.o.CachingOperationNameGenerator : Generating unique operation named: handleUsingGET_15
2020-12-17 13:05:29.487  INFO MBP-Smilyk --- [           main] .d.s.w.r.o.CachingOperationNameGenerator : Generating unique operation named: handleUsingGET_16
2020-12-17 13:05:29.489  INFO MBP-Smilyk --- [           main] .d.s.w.r.o.CachingOperationNameGenerator : Generating unique operation named: handleUsingPOST_1
2020-12-17 13:05:29.492  INFO MBP-Smilyk --- [           main] .d.s.w.r.o.CachingOperationNameGenerator : Generating unique operation named: handleUsingGET_17
2020-12-17 13:05:29.571  INFO MBP-Smilyk --- [           main] .d.s.w.r.o.CachingOperationNameGenerator : Generating unique operation named: getAllConditionerWithMissedTypeMaintenanceUsingGET_1
2020-12-17 13:05:29.596  INFO MBP-Smilyk --- [           main] DeferredRepositoryInitializationListener : Triggering deferred initialization of Spring Data repositories…
2020-12-17 13:05:30.103  INFO MBP-Smilyk --- [           main] DeferredRepositoryInitializationListener : Spring Data repositories initialized!
2020-12-17 13:05:30.119  INFO MBP-Smilyk --- [           main] c.ConditionerApplication                 : Started ConditionerApplication in 9.49 seconds (JVM running for 11.202)
2020-12-17 13:05:30.125  INFO MBP-Smilyk --- [           main] c.ConditionerApplication                 : Logger start
2020-12-17 13:32:39.103  INFO MBP-Smilyk --- [nio-8082-exec-2] o.a.c.c.C.[.[.[/]                        : Initializing Spring DispatcherServlet 'dispatcherServlet'
2020-12-17 13:32:39.106  INFO MBP-Smilyk --- [nio-8082-exec-2] o.s.w.s.DispatcherServlet                : Initializing Servlet 'dispatcherServlet'
2020-12-17 13:32:39.132  INFO MBP-Smilyk --- [nio-8082-exec-2] o.s.w.s.DispatcherServlet                : Completed initialization in 26 ms
2020-12-17 13:33:29.403  INFO MBP-Smilyk --- [extShutdownHook] j.LocalContainerEntityManagerFactoryBean : Closing JPA EntityManagerFactory for persistence unit 'default'
2020-12-17 13:33:29.407  INFO MBP-Smilyk --- [extShutdownHook] o.s.s.c.ThreadPoolTaskExecutor           : Shutting down ExecutorService 'applicationTaskExecutor'
2020-12-17 13:33:29.408  INFO MBP-Smilyk --- [extShutdownHook] c.z.h.HikariDataSource                   : HikariPool-1 - Shutdown initiated...
2020-12-17 13:33:29.415  INFO MBP-Smilyk --- [extShutdownHook] c.z.h.HikariDataSource                   : HikariPool-1 - Shutdown completed.
2020-12-17 13:33:35.727  INFO MBP-Smilyk --- [           main] c.ConditionerApplication                 : Starting ConditionerApplication on MBP-Smilyk with PID 32653 (/Users/smilyk/Desktop/Project_in_work/Conditioners/conditioners-back/target/classes started by smilyk in /Users/smilyk/Desktop/Project_in_work/Conditioners/conditioners-back)
2020-12-17 13:33:35.741  INFO MBP-Smilyk --- [           main] c.ConditionerApplication                 : No active profile set, falling back to default profiles: default
2020-12-17 13:33:38.517  INFO MBP-Smilyk --- [           main] .s.d.r.c.RepositoryConfigurationDelegate : Bootstrapping Spring Data JPA repositories in DEFERRED mode.
2020-12-17 13:33:38.748  INFO MBP-Smilyk --- [           main] .s.d.r.c.RepositoryConfigurationDelegate : Finished Spring Data repository scanning in 213ms. Found 8 JPA repository interfaces.
2020-12-17 13:33:40.817  INFO MBP-Smilyk --- [           main] o.s.b.w.e.t.TomcatWebServer              : Tomcat initialized with port(s): 8082 (http)
2020-12-17 13:33:40.844  INFO MBP-Smilyk --- [           main] o.a.c.h.Http11NioProtocol                : Initializing ProtocolHandler ["http-nio-8082"]
2020-12-17 13:33:40.845  INFO MBP-Smilyk --- [           main] o.a.c.c.StandardService                  : Starting service [Tomcat]
2020-12-17 13:33:40.845  INFO MBP-Smilyk --- [           main] o.a.c.c.StandardEngine                   : Starting Servlet engine: [Apache Tomcat/9.0.36]
2020-12-17 13:33:41.264  INFO MBP-Smilyk --- [           main] o.a.c.c.C.[.[.[/]                        : Initializing Spring embedded WebApplicationContext
2020-12-17 13:33:41.264  INFO MBP-Smilyk --- [           main] w.s.c.ServletWebServerApplicationContext : Root WebApplicationContext: initialization completed in 5433 ms
2020-12-17 13:33:41.973  INFO MBP-Smilyk --- [           main] o.s.s.c.ThreadPoolTaskExecutor           : Initializing ExecutorService 'applicationTaskExecutor'
2020-12-17 13:33:42.036  INFO MBP-Smilyk --- [         task-1] o.h.j.i.u.LogHelper                      : HHH000204: Processing PersistenceUnitInfo [name: default]
2020-12-17 13:33:42.180  INFO MBP-Smilyk --- [         task-1] o.h.Version                              : HHH000412: Hibernate ORM core version 5.4.17.Final
2020-12-17 13:33:42.728  INFO MBP-Smilyk --- [         task-1] o.h.a.c.Version                          : HCANN000001: Hibernate Commons Annotations {5.1.0.Final}
2020-12-17 13:33:42.972  INFO MBP-Smilyk --- [         task-1] c.z.h.HikariDataSource                   : HikariPool-1 - Starting...
2020-12-17 13:33:43.714  INFO MBP-Smilyk --- [           main] o.s.b.a.e.w.EndpointLinksResolver        : Exposing 14 endpoint(s) beneath base path '/actuator'
2020-12-17 13:33:43.812  INFO MBP-Smilyk --- [           main] pertySourcedRequestMappingHandlerMapping : Mapped URL path [/v2/api-docs] onto method [springfox.documentation.swagger2.web.Swagger2Controller#getDocumentation(String, HttpServletRequest)]
2020-12-17 13:33:43.974  WARN MBP-Smilyk --- [           main] JpaBaseConfiguration$JpaWebConfiguration : spring.jpa.open-in-view is enabled by default. Therefore, database queries may be performed during view rendering. Explicitly configure spring.jpa.open-in-view to disable this warning
2020-12-17 13:33:44.750  INFO MBP-Smilyk --- [         task-1] c.z.h.HikariDataSource                   : HikariPool-1 - Start completed.
2020-12-17 13:33:44.837  INFO MBP-Smilyk --- [         task-1] o.h.d.Dialect                            : HHH000400: Using dialect: org.hibernate.dialect.PostgreSQL10Dialect
2020-12-17 13:33:48.472  INFO MBP-Smilyk --- [         task-1] o.h.e.t.j.p.i.JtaPlatformInitiator       : HHH000490: Using JtaPlatform implementation: [org.hibernate.engine.transaction.jta.platform.internal.NoJtaPlatform]
2020-12-17 13:33:48.489  INFO MBP-Smilyk --- [         task-1] j.LocalContainerEntityManagerFactoryBean : Initialized JPA EntityManagerFactory for persistence unit 'default'
2020-12-17 13:33:48.657  INFO MBP-Smilyk --- [           main] o.a.c.h.Http11NioProtocol                : Starting ProtocolHandler ["http-nio-8082"]
2020-12-17 13:33:48.680  INFO MBP-Smilyk --- [           main] o.s.b.w.e.t.TomcatWebServer              : Tomcat started on port(s): 8082 (http) with context path ''
2020-12-17 13:33:48.681  INFO MBP-Smilyk --- [           main] d.s.w.p.DocumentationPluginsBootstrapper : Context refreshed
2020-12-17 13:33:48.707  INFO MBP-Smilyk --- [           main] d.s.w.p.DocumentationPluginsBootstrapper : Found 1 custom documentation plugin(s)
2020-12-17 13:33:48.770  INFO MBP-Smilyk --- [           main] s.d.s.w.s.ApiListingReferenceScanner     : Scanning for api listing references
2020-12-17 13:33:49.157  INFO MBP-Smilyk --- [           main] .d.s.w.r.o.CachingOperationNameGenerator : Generating unique operation named: handleUsingGET_1
2020-12-17 13:33:49.163  INFO MBP-Smilyk --- [           main] .d.s.w.r.o.CachingOperationNameGenerator : Generating unique operation named: handleUsingGET_2
2020-12-17 13:33:49.167  INFO MBP-Smilyk --- [           main] .d.s.w.r.o.CachingOperationNameGenerator : Generating unique operation named: handleUsingDELETE_1
2020-12-17 13:33:49.170  INFO MBP-Smilyk --- [           main] .d.s.w.r.o.CachingOperationNameGenerator : Generating unique operation named: handleUsingGET_3
2020-12-17 13:33:49.173  INFO MBP-Smilyk --- [           main] .d.s.w.r.o.CachingOperationNameGenerator : Generating unique operation named: handleUsingGET_4
2020-12-17 13:33:49.179  INFO MBP-Smilyk --- [           main] .d.s.w.r.o.CachingOperationNameGenerator : Generating unique operation named: handleUsingGET_5
2020-12-17 13:33:49.181  INFO MBP-Smilyk --- [           main] .d.s.w.r.o.CachingOperationNameGenerator : Generating unique operation named: handleUsingGET_6
2020-12-17 13:33:49.183  INFO MBP-Smilyk --- [           main] .d.s.w.r.o.CachingOperationNameGenerator : Generating unique operation named: handleUsingGET_7
2020-12-17 13:33:49.186  INFO MBP-Smilyk --- [           main] .d.s.w.r.o.CachingOperationNameGenerator : Generating unique operation named: handleUsingGET_8
2020-12-17 13:33:49.189  INFO MBP-Smilyk --- [           main] .d.s.w.r.o.CachingOperationNameGenerator : Generating unique operation named: handleUsingGET_9
2020-12-17 13:33:49.191  INFO MBP-Smilyk --- [           main] .d.s.w.r.o.CachingOperationNameGenerator : Generating unique operation named: handleUsingGET_10
2020-12-17 13:33:49.196  INFO MBP-Smilyk --- [           main] .d.s.w.r.o.CachingOperationNameGenerator : Generating unique operation named: handleUsingGET_11
2020-12-17 13:33:49.198  INFO MBP-Smilyk --- [           main] .d.s.w.r.o.CachingOperationNameGenerator : Generating unique operation named: handleUsingGET_12
2020-12-17 13:33:49.201  INFO MBP-Smilyk --- [           main] .d.s.w.r.o.CachingOperationNameGenerator : Generating unique operation named: handleUsingGET_13
2020-12-17 13:33:49.204  INFO MBP-Smilyk --- [           main] .d.s.w.r.o.CachingOperationNameGenerator : Generating unique operation named: handleUsingGET_14
2020-12-17 13:33:49.207  INFO MBP-Smilyk --- [           main] .d.s.w.r.o.CachingOperationNameGenerator : Generating unique operation named: handleUsingGET_15
2020-12-17 13:33:49.209  INFO MBP-Smilyk --- [           main] .d.s.w.r.o.CachingOperationNameGenerator : Generating unique operation named: handleUsingGET_16
2020-12-17 13:33:49.211  INFO MBP-Smilyk --- [           main] .d.s.w.r.o.CachingOperationNameGenerator : Generating unique operation named: handleUsingPOST_1
2020-12-17 13:33:49.214  INFO MBP-Smilyk --- [           main] .d.s.w.r.o.CachingOperationNameGenerator : Generating unique operation named: handleUsingGET_17
2020-12-17 13:33:49.307  INFO MBP-Smilyk --- [           main] .d.s.w.r.o.CachingOperationNameGenerator : Generating unique operation named: getAllConditionerWithMissedTypeMaintenanceUsingGET_1
2020-12-17 13:33:49.332  INFO MBP-Smilyk --- [           main] DeferredRepositoryInitializationListener : Triggering deferred initialization of Spring Data repositories…
2020-12-17 13:33:49.933  INFO MBP-Smilyk --- [           main] DeferredRepositoryInitializationListener : Spring Data repositories initialized!
2020-12-17 13:33:49.948  INFO MBP-Smilyk --- [           main] c.ConditionerApplication                 : Started ConditionerApplication in 14.769 seconds (JVM running for 17.029)
2020-12-17 13:33:49.955  INFO MBP-Smilyk --- [           main] c.ConditionerApplication                 : Logger start
