2020-12-27 16:10:11.696  INFO MBP-Smilyk --- [           main] c.ConditionerApplication                 : Starting ConditionerApplication on MBP-Smilyk with PID 75676 (/Users/smilyk/Desktop/Project_in_work/Conditioners/conditioners-back/target/classes started by smilyk in /Users/smilyk/Desktop/Project_in_work/Conditioners/conditioners-back)
2020-12-27 16:10:11.717  INFO MBP-Smilyk --- [           main] c.ConditionerApplication                 : No active profile set, falling back to default profiles: default
2020-12-27 16:10:13.314  INFO MBP-Smilyk --- [           main] .s.d.r.c.RepositoryConfigurationDelegate : Bootstrapping Spring Data JPA repositories in DEFERRED mode.
2020-12-27 16:10:13.418  INFO MBP-Smilyk --- [           main] .s.d.r.c.RepositoryConfigurationDelegate : Finished Spring Data repository scanning in 95ms. Found 8 JPA repository interfaces.
2020-12-27 16:10:14.096  INFO MBP-Smilyk --- [           main] o.s.b.w.e.t.TomcatWebServer              : Tomcat initialized with port(s): 8082 (http)
2020-12-27 16:10:14.108  INFO MBP-Smilyk --- [           main] o.a.c.h.Http11NioProtocol                : Initializing ProtocolHandler ["http-nio-8082"]
2020-12-27 16:10:14.109  INFO MBP-Smilyk --- [           main] o.a.c.c.StandardService                  : Starting service [Tomcat]
2020-12-27 16:10:14.109  INFO MBP-Smilyk --- [           main] o.a.c.c.StandardEngine                   : Starting Servlet engine: [Apache Tomcat/9.0.36]
2020-12-27 16:10:14.242  INFO MBP-Smilyk --- [           main] o.a.c.c.C.[.[.[/]                        : Initializing Spring embedded WebApplicationContext
2020-12-27 16:10:14.242  INFO MBP-Smilyk --- [           main] w.s.c.ServletWebServerApplicationContext : Root WebApplicationContext: initialization completed in 2464 ms
2020-12-27 16:10:14.530  INFO MBP-Smilyk --- [           main] o.s.s.c.ThreadPoolTaskExecutor           : Initializing ExecutorService 'applicationTaskExecutor'
2020-12-27 16:10:14.672  INFO MBP-Smilyk --- [         task-1] o.h.j.i.u.LogHelper                      : HHH000204: Processing PersistenceUnitInfo [name: default]
2020-12-27 16:10:14.752  INFO MBP-Smilyk --- [         task-1] o.h.Version                              : HHH000412: Hibernate ORM core version 5.4.17.Final
2020-12-27 16:10:14.961  INFO MBP-Smilyk --- [         task-1] o.h.a.c.Version                          : HCANN000001: Hibernate Commons Annotations {5.1.0.Final}
2020-12-27 16:10:15.116  INFO MBP-Smilyk --- [         task-1] c.z.h.HikariDataSource                   : HikariPool-1 - Starting...
2020-12-27 16:10:15.267  INFO MBP-Smilyk --- [           main] o.s.b.a.e.w.EndpointLinksResolver        : Exposing 14 endpoint(s) beneath base path '/actuator'
2020-12-27 16:10:15.338  INFO MBP-Smilyk --- [           main] pertySourcedRequestMappingHandlerMapping : Mapped URL path [/v2/api-docs] onto method [springfox.documentation.swagger2.web.Swagger2Controller#getDocumentation(String, HttpServletRequest)]
2020-12-27 16:10:15.493  WARN MBP-Smilyk --- [           main] JpaBaseConfiguration$JpaWebConfiguration : spring.jpa.open-in-view is enabled by default. Therefore, database queries may be performed during view rendering. Explicitly configure spring.jpa.open-in-view to disable this warning
2020-12-27 16:10:17.407  INFO MBP-Smilyk --- [         task-1] c.z.h.HikariDataSource                   : HikariPool-1 - Start completed.
2020-12-27 16:10:17.479  INFO MBP-Smilyk --- [         task-1] o.h.d.Dialect                            : HHH000400: Using dialect: org.hibernate.dialect.PostgreSQL10Dialect
2020-12-27 16:10:21.176  INFO MBP-Smilyk --- [         task-1] o.h.e.t.j.p.i.JtaPlatformInitiator       : HHH000490: Using JtaPlatform implementation: [org.hibernate.engine.transaction.jta.platform.internal.NoJtaPlatform]
2020-12-27 16:10:21.193  INFO MBP-Smilyk --- [         task-1] j.LocalContainerEntityManagerFactoryBean : Initialized JPA EntityManagerFactory for persistence unit 'default'
2020-12-27 16:10:21.344  INFO MBP-Smilyk --- [           main] o.a.c.h.Http11NioProtocol                : Starting ProtocolHandler ["http-nio-8082"]
2020-12-27 16:10:21.364  INFO MBP-Smilyk --- [           main] o.s.b.w.e.t.TomcatWebServer              : Tomcat started on port(s): 8082 (http) with context path ''
2020-12-27 16:10:21.365  INFO MBP-Smilyk --- [           main] d.s.w.p.DocumentationPluginsBootstrapper : Context refreshed
2020-12-27 16:10:21.390  INFO MBP-Smilyk --- [           main] d.s.w.p.DocumentationPluginsBootstrapper : Found 1 custom documentation plugin(s)
2020-12-27 16:10:21.446  INFO MBP-Smilyk --- [           main] s.d.s.w.s.ApiListingReferenceScanner     : Scanning for api listing references
2020-12-27 16:10:21.727  INFO MBP-Smilyk --- [           main] .d.s.w.r.o.CachingOperationNameGenerator : Generating unique operation named: handleUsingGET_1
2020-12-27 16:10:21.732  INFO MBP-Smilyk --- [           main] .d.s.w.r.o.CachingOperationNameGenerator : Generating unique operation named: handleUsingGET_2
2020-12-27 16:10:21.734  INFO MBP-Smilyk --- [           main] .d.s.w.r.o.CachingOperationNameGenerator : Generating unique operation named: handleUsingDELETE_1
2020-12-27 16:10:21.737  INFO MBP-Smilyk --- [           main] .d.s.w.r.o.CachingOperationNameGenerator : Generating unique operation named: handleUsingGET_3
2020-12-27 16:10:21.739  INFO MBP-Smilyk --- [           main] .d.s.w.r.o.CachingOperationNameGenerator : Generating unique operation named: handleUsingGET_4
2020-12-27 16:10:21.742  INFO MBP-Smilyk --- [           main] .d.s.w.r.o.CachingOperationNameGenerator : Generating unique operation named: handleUsingGET_5
2020-12-27 16:10:21.744  INFO MBP-Smilyk --- [           main] .d.s.w.r.o.CachingOperationNameGenerator : Generating unique operation named: handleUsingGET_6
2020-12-27 16:10:21.747  INFO MBP-Smilyk --- [           main] .d.s.w.r.o.CachingOperationNameGenerator : Generating unique operation named: handleUsingGET_7
2020-12-27 16:10:21.750  INFO MBP-Smilyk --- [           main] .d.s.w.r.o.CachingOperationNameGenerator : Generating unique operation named: handleUsingGET_8
2020-12-27 16:10:21.752  INFO MBP-Smilyk --- [           main] .d.s.w.r.o.CachingOperationNameGenerator : Generating unique operation named: handleUsingGET_9
2020-12-27 16:10:21.754  INFO MBP-Smilyk --- [           main] .d.s.w.r.o.CachingOperationNameGenerator : Generating unique operation named: handleUsingGET_10
2020-12-27 16:10:21.759  INFO MBP-Smilyk --- [           main] .d.s.w.r.o.CachingOperationNameGenerator : Generating unique operation named: handleUsingGET_11
2020-12-27 16:10:21.762  INFO MBP-Smilyk --- [           main] .d.s.w.r.o.CachingOperationNameGenerator : Generating unique operation named: handleUsingGET_12
2020-12-27 16:10:21.764  INFO MBP-Smilyk --- [           main] .d.s.w.r.o.CachingOperationNameGenerator : Generating unique operation named: handleUsingGET_13
2020-12-27 16:10:21.767  INFO MBP-Smilyk --- [           main] .d.s.w.r.o.CachingOperationNameGenerator : Generating unique operation named: handleUsingGET_14
2020-12-27 16:10:21.770  INFO MBP-Smilyk --- [           main] .d.s.w.r.o.CachingOperationNameGenerator : Generating unique operation named: handleUsingGET_15
2020-12-27 16:10:21.773  INFO MBP-Smilyk --- [           main] .d.s.w.r.o.CachingOperationNameGenerator : Generating unique operation named: handleUsingGET_16
2020-12-27 16:10:21.775  INFO MBP-Smilyk --- [           main] .d.s.w.r.o.CachingOperationNameGenerator : Generating unique operation named: handleUsingPOST_1
2020-12-27 16:10:21.779  INFO MBP-Smilyk --- [           main] .d.s.w.r.o.CachingOperationNameGenerator : Generating unique operation named: handleUsingGET_17
2020-12-27 16:10:21.881  INFO MBP-Smilyk --- [           main] .d.s.w.r.o.CachingOperationNameGenerator : Generating unique operation named: getAllConditionerWithMissedTypeMaintenanceUsingGET_1
2020-12-27 16:10:21.905  INFO MBP-Smilyk --- [           main] DeferredRepositoryInitializationListener : Triggering deferred initialization of Spring Data repositories…
2020-12-27 16:10:22.478  INFO MBP-Smilyk --- [           main] DeferredRepositoryInitializationListener : Spring Data repositories initialized!
2020-12-27 16:10:22.493  INFO MBP-Smilyk --- [           main] c.ConditionerApplication                 : Started ConditionerApplication in 11.398 seconds (JVM running for 13.779)
2020-12-27 16:10:22.501  INFO MBP-Smilyk --- [           main] c.ConditionerApplication                 : Logger start
2020-12-27 16:10:42.478  INFO MBP-Smilyk --- [nio-8082-exec-2] o.a.c.c.C.[.[.[/]                        : Initializing Spring DispatcherServlet 'dispatcherServlet'
2020-12-27 16:10:42.479  INFO MBP-Smilyk --- [nio-8082-exec-2] o.s.w.s.DispatcherServlet                : Initializing Servlet 'dispatcherServlet'
2020-12-27 16:10:42.487  INFO MBP-Smilyk --- [nio-8082-exec-2] o.s.w.s.DispatcherServlet                : Completed initialization in 8 ms
2020-12-27 16:10:43.305  INFO MBP-Smilyk --- [nio-8082-exec-2] c.s.ArticleServiceimpl                   :  list articles  found 
2020-12-27 16:12:09.826  INFO MBP-Smilyk --- [nio-8082-exec-4] c.s.ArticleServiceimpl                   :  list articles  found 
2020-12-27 16:12:45.129  INFO MBP-Smilyk --- [nio-8082-exec-6] c.s.ArticleServiceimpl                   :  list articles  found 
2020-12-27 16:12:57.027  INFO MBP-Smilyk --- [nio-8082-exec-7] c.s.ArticleServiceimpl                   :  list articles  found 
2020-12-27 16:16:40.552  INFO MBP-Smilyk --- [io-8082-exec-10] c.s.ArticleServiceimpl                   :  list articles  found 
2020-12-27 16:17:03.833  INFO MBP-Smilyk --- [nio-8082-exec-1] c.s.ArticleServiceimpl                   :  list articles  found 
2020-12-27 16:19:24.369  INFO MBP-Smilyk --- [extShutdownHook] j.LocalContainerEntityManagerFactoryBean : Closing JPA EntityManagerFactory for persistence unit 'default'
2020-12-27 16:19:24.372  INFO MBP-Smilyk --- [extShutdownHook] o.s.s.c.ThreadPoolTaskExecutor           : Shutting down ExecutorService 'applicationTaskExecutor'
2020-12-27 16:19:24.372  INFO MBP-Smilyk --- [extShutdownHook] c.z.h.HikariDataSource                   : HikariPool-1 - Shutdown initiated...
2020-12-27 16:19:24.378  INFO MBP-Smilyk --- [extShutdownHook] c.z.h.HikariDataSource                   : HikariPool-1 - Shutdown completed.
2020-12-27 16:19:30.169  INFO MBP-Smilyk --- [           main] c.ConditionerApplication                 : Starting ConditionerApplication on MBP-Smilyk with PID 75762 (/Users/smilyk/Desktop/Project_in_work/Conditioners/conditioners-back/target/classes started by smilyk in /Users/smilyk/Desktop/Project_in_work/Conditioners/conditioners-back)
2020-12-27 16:19:30.182  INFO MBP-Smilyk --- [           main] c.ConditionerApplication                 : No active profile set, falling back to default profiles: default
2020-12-27 16:19:32.111  INFO MBP-Smilyk --- [           main] .s.d.r.c.RepositoryConfigurationDelegate : Bootstrapping Spring Data JPA repositories in DEFERRED mode.
2020-12-27 16:19:32.240  INFO MBP-Smilyk --- [           main] .s.d.r.c.RepositoryConfigurationDelegate : Finished Spring Data repository scanning in 115ms. Found 8 JPA repository interfaces.
2020-12-27 16:19:33.021  INFO MBP-Smilyk --- [           main] o.s.b.w.e.t.TomcatWebServer              : Tomcat initialized with port(s): 8082 (http)
2020-12-27 16:19:33.044  INFO MBP-Smilyk --- [           main] o.a.c.h.Http11NioProtocol                : Initializing ProtocolHandler ["http-nio-8082"]
2020-12-27 16:19:33.045  INFO MBP-Smilyk --- [           main] o.a.c.c.StandardService                  : Starting service [Tomcat]
2020-12-27 16:19:33.045  INFO MBP-Smilyk --- [           main] o.a.c.c.StandardEngine                   : Starting Servlet engine: [Apache Tomcat/9.0.36]
2020-12-27 16:19:33.144  INFO MBP-Smilyk --- [           main] o.a.c.c.C.[.[.[/]                        : Initializing Spring embedded WebApplicationContext
2020-12-27 16:19:33.144  INFO MBP-Smilyk --- [           main] w.s.c.ServletWebServerApplicationContext : Root WebApplicationContext: initialization completed in 2900 ms
2020-12-27 16:19:33.467  INFO MBP-Smilyk --- [           main] o.s.s.c.ThreadPoolTaskExecutor           : Initializing ExecutorService 'applicationTaskExecutor'
2020-12-27 16:19:33.520  INFO MBP-Smilyk --- [         task-1] o.h.j.i.u.LogHelper                      : HHH000204: Processing PersistenceUnitInfo [name: default]
2020-12-27 16:19:33.579  INFO MBP-Smilyk --- [         task-1] o.h.Version                              : HHH000412: Hibernate ORM core version 5.4.17.Final
2020-12-27 16:19:33.755  INFO MBP-Smilyk --- [         task-1] o.h.a.c.Version                          : HCANN000001: Hibernate Commons Annotations {5.1.0.Final}
2020-12-27 16:19:33.880  INFO MBP-Smilyk --- [         task-1] c.z.h.HikariDataSource                   : HikariPool-1 - Starting...
2020-12-27 16:19:34.137  INFO MBP-Smilyk --- [           main] o.s.b.a.e.w.EndpointLinksResolver        : Exposing 14 endpoint(s) beneath base path '/actuator'
2020-12-27 16:19:34.236  INFO MBP-Smilyk --- [           main] pertySourcedRequestMappingHandlerMapping : Mapped URL path [/v2/api-docs] onto method [springfox.documentation.swagger2.web.Swagger2Controller#getDocumentation(String, HttpServletRequest)]
2020-12-27 16:19:34.435  WARN MBP-Smilyk --- [           main] JpaBaseConfiguration$JpaWebConfiguration : spring.jpa.open-in-view is enabled by default. Therefore, database queries may be performed during view rendering. Explicitly configure spring.jpa.open-in-view to disable this warning
2020-12-27 16:19:35.427  INFO MBP-Smilyk --- [         task-1] c.z.h.HikariDataSource                   : HikariPool-1 - Start completed.
2020-12-27 16:19:35.459  INFO MBP-Smilyk --- [         task-1] o.h.d.Dialect                            : HHH000400: Using dialect: org.hibernate.dialect.PostgreSQL10Dialect
2020-12-27 16:19:38.453  INFO MBP-Smilyk --- [         task-1] o.h.e.t.j.p.i.JtaPlatformInitiator       : HHH000490: Using JtaPlatform implementation: [org.hibernate.engine.transaction.jta.platform.internal.NoJtaPlatform]
2020-12-27 16:19:38.468  INFO MBP-Smilyk --- [         task-1] j.LocalContainerEntityManagerFactoryBean : Initialized JPA EntityManagerFactory for persistence unit 'default'
2020-12-27 16:19:38.584  INFO MBP-Smilyk --- [           main] o.a.c.h.Http11NioProtocol                : Starting ProtocolHandler ["http-nio-8082"]
2020-12-27 16:19:38.601  INFO MBP-Smilyk --- [           main] o.s.b.w.e.t.TomcatWebServer              : Tomcat started on port(s): 8082 (http) with context path ''
2020-12-27 16:19:38.603  INFO MBP-Smilyk --- [           main] d.s.w.p.DocumentationPluginsBootstrapper : Context refreshed
2020-12-27 16:19:38.619  INFO MBP-Smilyk --- [           main] d.s.w.p.DocumentationPluginsBootstrapper : Found 1 custom documentation plugin(s)
2020-12-27 16:19:38.666  INFO MBP-Smilyk --- [           main] s.d.s.w.s.ApiListingReferenceScanner     : Scanning for api listing references
2020-12-27 16:19:39.019  INFO MBP-Smilyk --- [           main] .d.s.w.r.o.CachingOperationNameGenerator : Generating unique operation named: handleUsingGET_1
2020-12-27 16:19:39.025  INFO MBP-Smilyk --- [           main] .d.s.w.r.o.CachingOperationNameGenerator : Generating unique operation named: handleUsingGET_2
2020-12-27 16:19:39.030  INFO MBP-Smilyk --- [           main] .d.s.w.r.o.CachingOperationNameGenerator : Generating unique operation named: handleUsingDELETE_1
2020-12-27 16:19:39.033  INFO MBP-Smilyk --- [           main] .d.s.w.r.o.CachingOperationNameGenerator : Generating unique operation named: handleUsingGET_3
2020-12-27 16:19:39.036  INFO MBP-Smilyk --- [           main] .d.s.w.r.o.CachingOperationNameGenerator : Generating unique operation named: handleUsingGET_4
2020-12-27 16:19:39.040  INFO MBP-Smilyk --- [           main] .d.s.w.r.o.CachingOperationNameGenerator : Generating unique operation named: handleUsingGET_5
2020-12-27 16:19:39.044  INFO MBP-Smilyk --- [           main] .d.s.w.r.o.CachingOperationNameGenerator : Generating unique operation named: handleUsingGET_6
2020-12-27 16:19:39.047  INFO MBP-Smilyk --- [           main] .d.s.w.r.o.CachingOperationNameGenerator : Generating unique operation named: handleUsingGET_7
2020-12-27 16:19:39.050  INFO MBP-Smilyk --- [           main] .d.s.w.r.o.CachingOperationNameGenerator : Generating unique operation named: handleUsingGET_8
2020-12-27 16:19:39.054  INFO MBP-Smilyk --- [           main] .d.s.w.r.o.CachingOperationNameGenerator : Generating unique operation named: handleUsingGET_9
2020-12-27 16:19:39.057  INFO MBP-Smilyk --- [           main] .d.s.w.r.o.CachingOperationNameGenerator : Generating unique operation named: handleUsingGET_10
2020-12-27 16:19:39.063  INFO MBP-Smilyk --- [           main] .d.s.w.r.o.CachingOperationNameGenerator : Generating unique operation named: handleUsingGET_11
2020-12-27 16:19:39.066  INFO MBP-Smilyk --- [           main] .d.s.w.r.o.CachingOperationNameGenerator : Generating unique operation named: handleUsingGET_12
2020-12-27 16:19:39.069  INFO MBP-Smilyk --- [           main] .d.s.w.r.o.CachingOperationNameGenerator : Generating unique operation named: handleUsingGET_13
2020-12-27 16:19:39.072  INFO MBP-Smilyk --- [           main] .d.s.w.r.o.CachingOperationNameGenerator : Generating unique operation named: handleUsingGET_14
2020-12-27 16:19:39.075  INFO MBP-Smilyk --- [           main] .d.s.w.r.o.CachingOperationNameGenerator : Generating unique operation named: handleUsingGET_15
2020-12-27 16:19:39.078  INFO MBP-Smilyk --- [           main] .d.s.w.r.o.CachingOperationNameGenerator : Generating unique operation named: handleUsingGET_16
2020-12-27 16:19:39.081  INFO MBP-Smilyk --- [           main] .d.s.w.r.o.CachingOperationNameGenerator : Generating unique operation named: handleUsingPOST_1
2020-12-27 16:19:39.084  INFO MBP-Smilyk --- [           main] .d.s.w.r.o.CachingOperationNameGenerator : Generating unique operation named: handleUsingGET_17
2020-12-27 16:19:39.184  INFO MBP-Smilyk --- [           main] .d.s.w.r.o.CachingOperationNameGenerator : Generating unique operation named: getAllConditionerWithMissedTypeMaintenanceUsingGET_1
2020-12-27 16:19:39.206  INFO MBP-Smilyk --- [           main] DeferredRepositoryInitializationListener : Triggering deferred initialization of Spring Data repositories…
2020-12-27 16:19:39.694  INFO MBP-Smilyk --- [           main] DeferredRepositoryInitializationListener : Spring Data repositories initialized!
2020-12-27 16:19:39.710  INFO MBP-Smilyk --- [           main] c.ConditionerApplication                 : Started ConditionerApplication in 10.287 seconds (JVM running for 11.586)
2020-12-27 16:19:39.715  INFO MBP-Smilyk --- [           main] c.ConditionerApplication                 : Logger start
2020-12-27 16:20:00.253  INFO MBP-Smilyk --- [nio-8082-exec-1] o.a.c.c.C.[.[.[/]                        : Initializing Spring DispatcherServlet 'dispatcherServlet'
2020-12-27 16:20:00.253  INFO MBP-Smilyk --- [nio-8082-exec-1] o.s.w.s.DispatcherServlet                : Initializing Servlet 'dispatcherServlet'
2020-12-27 16:20:00.264  INFO MBP-Smilyk --- [nio-8082-exec-1] o.s.w.s.DispatcherServlet                : Completed initialization in 11 ms
2020-12-27 16:20:00.920  INFO MBP-Smilyk --- [nio-8082-exec-1] c.s.ArticleServiceimpl                   :  list articles  found 
2020-12-27 16:20:27.790  INFO MBP-Smilyk --- [extShutdownHook] j.LocalContainerEntityManagerFactoryBean : Closing JPA EntityManagerFactory for persistence unit 'default'
2020-12-27 16:20:27.793  INFO MBP-Smilyk --- [extShutdownHook] o.s.s.c.ThreadPoolTaskExecutor           : Shutting down ExecutorService 'applicationTaskExecutor'
2020-12-27 16:20:27.793  INFO MBP-Smilyk --- [extShutdownHook] c.z.h.HikariDataSource                   : HikariPool-1 - Shutdown initiated...
2020-12-27 16:20:27.806  INFO MBP-Smilyk --- [extShutdownHook] c.z.h.HikariDataSource                   : HikariPool-1 - Shutdown completed.
2020-12-27 16:20:33.609  INFO MBP-Smilyk --- [           main] c.ConditionerApplication                 : Starting ConditionerApplication on MBP-Smilyk with PID 75768 (/Users/smilyk/Desktop/Project_in_work/Conditioners/conditioners-back/target/classes started by smilyk in /Users/smilyk/Desktop/Project_in_work/Conditioners/conditioners-back)
2020-12-27 16:20:33.627  INFO MBP-Smilyk --- [           main] c.ConditionerApplication                 : No active profile set, falling back to default profiles: default
2020-12-27 16:20:35.308  INFO MBP-Smilyk --- [           main] .s.d.r.c.RepositoryConfigurationDelegate : Bootstrapping Spring Data JPA repositories in DEFERRED mode.
2020-12-27 16:20:35.448  INFO MBP-Smilyk --- [           main] .s.d.r.c.RepositoryConfigurationDelegate : Finished Spring Data repository scanning in 126ms. Found 8 JPA repository interfaces.
2020-12-27 16:20:36.455  INFO MBP-Smilyk --- [           main] o.s.b.w.e.t.TomcatWebServer              : Tomcat initialized with port(s): 8082 (http)
2020-12-27 16:20:36.468  INFO MBP-Smilyk --- [           main] o.a.c.h.Http11NioProtocol                : Initializing ProtocolHandler ["http-nio-8082"]
2020-12-27 16:20:36.469  INFO MBP-Smilyk --- [           main] o.a.c.c.StandardService                  : Starting service [Tomcat]
2020-12-27 16:20:36.470  INFO MBP-Smilyk --- [           main] o.a.c.c.StandardEngine                   : Starting Servlet engine: [Apache Tomcat/9.0.36]
2020-12-27 16:20:36.621  INFO MBP-Smilyk --- [           main] o.a.c.c.C.[.[.[/]                        : Initializing Spring embedded WebApplicationContext
2020-12-27 16:20:36.622  INFO MBP-Smilyk --- [           main] w.s.c.ServletWebServerApplicationContext : Root WebApplicationContext: initialization completed in 2907 ms
2020-12-27 16:20:37.041  INFO MBP-Smilyk --- [           main] o.s.s.c.ThreadPoolTaskExecutor           : Initializing ExecutorService 'applicationTaskExecutor'
2020-12-27 16:20:37.120  INFO MBP-Smilyk --- [         task-1] o.h.j.i.u.LogHelper                      : HHH000204: Processing PersistenceUnitInfo [name: default]
2020-12-27 16:20:37.223  INFO MBP-Smilyk --- [         task-1] o.h.Version                              : HHH000412: Hibernate ORM core version 5.4.17.Final
2020-12-27 16:20:37.466  INFO MBP-Smilyk --- [         task-1] o.h.a.c.Version                          : HCANN000001: Hibernate Commons Annotations {5.1.0.Final}
2020-12-27 16:20:37.640  INFO MBP-Smilyk --- [         task-1] c.z.h.HikariDataSource                   : HikariPool-1 - Starting...
2020-12-27 16:20:38.080  INFO MBP-Smilyk --- [           main] o.s.b.a.e.w.EndpointLinksResolver        : Exposing 14 endpoint(s) beneath base path '/actuator'
2020-12-27 16:20:38.186  INFO MBP-Smilyk --- [           main] pertySourcedRequestMappingHandlerMapping : Mapped URL path [/v2/api-docs] onto method [springfox.documentation.swagger2.web.Swagger2Controller#getDocumentation(String, HttpServletRequest)]
2020-12-27 16:20:38.394  WARN MBP-Smilyk --- [           main] JpaBaseConfiguration$JpaWebConfiguration : spring.jpa.open-in-view is enabled by default. Therefore, database queries may be performed during view rendering. Explicitly configure spring.jpa.open-in-view to disable this warning
2020-12-27 16:20:39.036  INFO MBP-Smilyk --- [         task-1] c.z.h.HikariDataSource                   : HikariPool-1 - Start completed.
2020-12-27 16:20:39.091  INFO MBP-Smilyk --- [         task-1] o.h.d.Dialect                            : HHH000400: Using dialect: org.hibernate.dialect.PostgreSQL10Dialect
2020-12-27 16:20:42.621  INFO MBP-Smilyk --- [         task-1] o.h.e.t.j.p.i.JtaPlatformInitiator       : HHH000490: Using JtaPlatform implementation: [org.hibernate.engine.transaction.jta.platform.internal.NoJtaPlatform]
2020-12-27 16:20:42.639  INFO MBP-Smilyk --- [         task-1] j.LocalContainerEntityManagerFactoryBean : Initialized JPA EntityManagerFactory for persistence unit 'default'
2020-12-27 16:20:42.838  INFO MBP-Smilyk --- [           main] o.a.c.h.Http11NioProtocol                : Starting ProtocolHandler ["http-nio-8082"]
2020-12-27 16:20:42.859  INFO MBP-Smilyk --- [           main] o.s.b.w.e.t.TomcatWebServer              : Tomcat started on port(s): 8082 (http) with context path ''
2020-12-27 16:20:42.860  INFO MBP-Smilyk --- [           main] d.s.w.p.DocumentationPluginsBootstrapper : Context refreshed
2020-12-27 16:20:48.719  INFO MBP-Smilyk --- [           main] c.ConditionerApplication                 : Starting ConditionerApplication on MBP-Smilyk with PID 75772 (/Users/smilyk/Desktop/Project_in_work/Conditioners/conditioners-back/target/classes started by smilyk in /Users/smilyk/Desktop/Project_in_work/Conditioners/conditioners-back)
2020-12-27 16:20:48.730  INFO MBP-Smilyk --- [           main] c.ConditionerApplication                 : No active profile set, falling back to default profiles: default
2020-12-27 16:20:50.722  INFO MBP-Smilyk --- [           main] .s.d.r.c.RepositoryConfigurationDelegate : Bootstrapping Spring Data JPA repositories in DEFERRED mode.
2020-12-27 16:20:50.966  INFO MBP-Smilyk --- [           main] .s.d.r.c.RepositoryConfigurationDelegate : Finished Spring Data repository scanning in 231ms. Found 8 JPA repository interfaces.
2020-12-27 16:20:52.168  INFO MBP-Smilyk --- [           main] o.s.b.w.e.t.TomcatWebServer              : Tomcat initialized with port(s): 8082 (http)
2020-12-27 16:20:52.180  INFO MBP-Smilyk --- [           main] o.a.c.h.Http11NioProtocol                : Initializing ProtocolHandler ["http-nio-8082"]
2020-12-27 16:20:52.181  INFO MBP-Smilyk --- [           main] o.a.c.c.StandardService                  : Starting service [Tomcat]
2020-12-27 16:20:52.181  INFO MBP-Smilyk --- [           main] o.a.c.c.StandardEngine                   : Starting Servlet engine: [Apache Tomcat/9.0.36]
2020-12-27 16:20:52.314  INFO MBP-Smilyk --- [           main] o.a.c.c.C.[.[.[/]                        : Initializing Spring embedded WebApplicationContext
2020-12-27 16:20:52.314  INFO MBP-Smilyk --- [           main] w.s.c.ServletWebServerApplicationContext : Root WebApplicationContext: initialization completed in 3486 ms
2020-12-27 16:20:53.123  INFO MBP-Smilyk --- [           main] o.s.s.c.ThreadPoolTaskExecutor           : Initializing ExecutorService 'applicationTaskExecutor'
2020-12-27 16:20:53.180  INFO MBP-Smilyk --- [         task-1] o.h.j.i.u.LogHelper                      : HHH000204: Processing PersistenceUnitInfo [name: default]
2020-12-27 16:20:53.249  INFO MBP-Smilyk --- [         task-1] o.h.Version                              : HHH000412: Hibernate ORM core version 5.4.17.Final
2020-12-27 16:20:53.414  INFO MBP-Smilyk --- [         task-1] o.h.a.c.Version                          : HCANN000001: Hibernate Commons Annotations {5.1.0.Final}
2020-12-27 16:20:53.584  INFO MBP-Smilyk --- [         task-1] c.z.h.HikariDataSource                   : HikariPool-1 - Starting...
2020-12-27 16:20:53.946  INFO MBP-Smilyk --- [           main] o.s.b.a.e.w.EndpointLinksResolver        : Exposing 14 endpoint(s) beneath base path '/actuator'
2020-12-27 16:20:54.105  INFO MBP-Smilyk --- [           main] pertySourcedRequestMappingHandlerMapping : Mapped URL path [/v2/api-docs] onto method [springfox.documentation.swagger2.web.Swagger2Controller#getDocumentation(String, HttpServletRequest)]
2020-12-27 16:20:54.419  WARN MBP-Smilyk --- [           main] JpaBaseConfiguration$JpaWebConfiguration : spring.jpa.open-in-view is enabled by default. Therefore, database queries may be performed during view rendering. Explicitly configure spring.jpa.open-in-view to disable this warning
2020-12-27 16:20:55.196  INFO MBP-Smilyk --- [         task-1] c.z.h.HikariDataSource                   : HikariPool-1 - Start completed.
2020-12-27 16:20:55.255  INFO MBP-Smilyk --- [         task-1] o.h.d.Dialect                            : HHH000400: Using dialect: org.hibernate.dialect.PostgreSQL10Dialect
2020-12-27 16:20:58.541  INFO MBP-Smilyk --- [         task-1] o.h.e.t.j.p.i.JtaPlatformInitiator       : HHH000490: Using JtaPlatform implementation: [org.hibernate.engine.transaction.jta.platform.internal.NoJtaPlatform]
2020-12-27 16:20:58.555  INFO MBP-Smilyk --- [         task-1] j.LocalContainerEntityManagerFactoryBean : Initialized JPA EntityManagerFactory for persistence unit 'default'
2020-12-27 16:20:58.796  INFO MBP-Smilyk --- [           main] o.a.c.h.Http11NioProtocol                : Starting ProtocolHandler ["http-nio-8082"]
2020-12-27 16:20:58.836  INFO MBP-Smilyk --- [           main] o.s.b.w.e.t.TomcatWebServer              : Tomcat started on port(s): 8082 (http) with context path ''
2020-12-27 16:20:58.837  INFO MBP-Smilyk --- [           main] d.s.w.p.DocumentationPluginsBootstrapper : Context refreshed
2020-12-27 16:20:58.858  INFO MBP-Smilyk --- [           main] d.s.w.p.DocumentationPluginsBootstrapper : Found 1 custom documentation plugin(s)
2020-12-27 16:20:58.911  INFO MBP-Smilyk --- [           main] s.d.s.w.s.ApiListingReferenceScanner     : Scanning for api listing references
2020-12-27 16:20:59.243  INFO MBP-Smilyk --- [           main] .d.s.w.r.o.CachingOperationNameGenerator : Generating unique operation named: handleUsingGET_1
2020-12-27 16:20:59.249  INFO MBP-Smilyk --- [           main] .d.s.w.r.o.CachingOperationNameGenerator : Generating unique operation named: handleUsingGET_2
2020-12-27 16:20:59.252  INFO MBP-Smilyk --- [           main] .d.s.w.r.o.CachingOperationNameGenerator : Generating unique operation named: handleUsingDELETE_1
2020-12-27 16:20:59.259  INFO MBP-Smilyk --- [           main] .d.s.w.r.o.CachingOperationNameGenerator : Generating unique operation named: handleUsingGET_3
2020-12-27 16:20:59.266  INFO MBP-Smilyk --- [           main] .d.s.w.r.o.CachingOperationNameGenerator : Generating unique operation named: handleUsingGET_4
2020-12-27 16:20:59.269  INFO MBP-Smilyk --- [           main] .d.s.w.r.o.CachingOperationNameGenerator : Generating unique operation named: handleUsingGET_5
2020-12-27 16:20:59.274  INFO MBP-Smilyk --- [           main] .d.s.w.r.o.CachingOperationNameGenerator : Generating unique operation named: handleUsingGET_6
2020-12-27 16:20:59.277  INFO MBP-Smilyk --- [           main] .d.s.w.r.o.CachingOperationNameGenerator : Generating unique operation named: handleUsingGET_7
2020-12-27 16:20:59.281  INFO MBP-Smilyk --- [           main] .d.s.w.r.o.CachingOperationNameGenerator : Generating unique operation named: handleUsingGET_8
2020-12-27 16:20:59.285  INFO MBP-Smilyk --- [           main] .d.s.w.r.o.CachingOperationNameGenerator : Generating unique operation named: handleUsingGET_9
2020-12-27 16:20:59.288  INFO MBP-Smilyk --- [           main] .d.s.w.r.o.CachingOperationNameGenerator : Generating unique operation named: handleUsingGET_10
2020-12-27 16:20:59.293  INFO MBP-Smilyk --- [           main] .d.s.w.r.o.CachingOperationNameGenerator : Generating unique operation named: handleUsingGET_11
2020-12-27 16:20:59.297  INFO MBP-Smilyk --- [           main] .d.s.w.r.o.CachingOperationNameGenerator : Generating unique operation named: handleUsingGET_12
2020-12-27 16:20:59.299  INFO MBP-Smilyk --- [           main] .d.s.w.r.o.CachingOperationNameGenerator : Generating unique operation named: handleUsingGET_13
2020-12-27 16:20:59.301  INFO MBP-Smilyk --- [           main] .d.s.w.r.o.CachingOperationNameGenerator : Generating unique operation named: handleUsingGET_14
2020-12-27 16:20:59.304  INFO MBP-Smilyk --- [           main] .d.s.w.r.o.CachingOperationNameGenerator : Generating unique operation named: handleUsingGET_15
2020-12-27 16:20:59.308  INFO MBP-Smilyk --- [           main] .d.s.w.r.o.CachingOperationNameGenerator : Generating unique operation named: handleUsingGET_16
2020-12-27 16:20:59.310  INFO MBP-Smilyk --- [           main] .d.s.w.r.o.CachingOperationNameGenerator : Generating unique operation named: handleUsingPOST_1
2020-12-27 16:20:59.315  INFO MBP-Smilyk --- [           main] .d.s.w.r.o.CachingOperationNameGenerator : Generating unique operation named: handleUsingGET_17
2020-12-27 16:20:59.420  INFO MBP-Smilyk --- [           main] .d.s.w.r.o.CachingOperationNameGenerator : Generating unique operation named: getAllConditionerWithMissedTypeMaintenanceUsingGET_1
2020-12-27 16:20:59.447  INFO MBP-Smilyk --- [           main] DeferredRepositoryInitializationListener : Triggering deferred initialization of Spring Data repositories…
2020-12-27 16:21:00.034  INFO MBP-Smilyk --- [           main] DeferredRepositoryInitializationListener : Spring Data repositories initialized!
2020-12-27 16:21:00.049  INFO MBP-Smilyk --- [           main] c.ConditionerApplication                 : Started ConditionerApplication in 11.917 seconds (JVM running for 13.728)
2020-12-27 16:21:00.056  INFO MBP-Smilyk --- [           main] c.ConditionerApplication                 : Logger start
2020-12-27 16:21:10.423  INFO MBP-Smilyk --- [nio-8082-exec-2] o.a.c.c.C.[.[.[/]                        : Initializing Spring DispatcherServlet 'dispatcherServlet'
2020-12-27 16:21:10.424  INFO MBP-Smilyk --- [nio-8082-exec-2] o.s.w.s.DispatcherServlet                : Initializing Servlet 'dispatcherServlet'
2020-12-27 16:21:10.434  INFO MBP-Smilyk --- [nio-8082-exec-2] o.s.w.s.DispatcherServlet                : Completed initialization in 10 ms
2020-12-27 16:21:10.455  WARN MBP-Smilyk --- [nio-8082-exec-2] o.s.w.s.PageNotFound                     : No mapping for DELETE /1eee9d5f-11fe-4387-8caf-e7f8f0dacc81
2020-12-27 16:21:25.361  WARN MBP-Smilyk --- [nio-8082-exec-3] o.s.w.s.PageNotFound                     : No mapping for DELETE /1eee9d5f-11fe-4387-8caf-e7f8f0dacc81
2020-12-27 16:21:46.069  WARN MBP-Smilyk --- [nio-8082-exec-4] o.s.w.s.PageNotFound                     : No mapping for DELETE /1eee9d5f-11fe-4387-8caf-e7f8f0dacc81
2020-12-27 16:22:08.691  WARN MBP-Smilyk --- [nio-8082-exec-5] o.s.w.s.PageNotFound                     : No mapping for DELETE /1eee9d5f-11fe-4387-8caf-e7f8f0dacc81
2020-12-27 16:22:25.917  INFO MBP-Smilyk --- [nio-8082-exec-6] c.s.ArticleServiceimpl                   : Article with id 1eee9d5f-11fe-4387-8caf-e7f8f0dacc81 deleted 
2020-12-27 16:22:39.494  INFO MBP-Smilyk --- [nio-8082-exec-7] c.s.ArticleServiceimpl                   :  list articles  found 
2020-12-27 16:22:49.322  INFO MBP-Smilyk --- [nio-8082-exec-8] c.s.ArticleServiceimpl                   : Article with id bb4bd647-bdcb-4428-bfe6-298887d0d4c4 deleted 
2020-12-27 16:24:43.735  INFO MBP-Smilyk --- [nio-8082-exec-1] c.s.ArticleServiceimpl                   :  list articles  found 
2020-12-27 16:25:07.269  INFO MBP-Smilyk --- [nio-8082-exec-2] c.s.ArticleServiceimpl                   : Article with id 91f0391b-4433-4cbb-a333-1fb9a9f473e8 deleted 
2020-12-27 16:26:36.961  INFO MBP-Smilyk --- [nio-8082-exec-5] c.s.ArticleServiceimpl                   :  list articles  found 
2020-12-27 16:26:45.096  INFO MBP-Smilyk --- [nio-8082-exec-6] c.s.ArticleServiceimpl                   : Article with id 9708f7e2-cb27-4c0f-9d3b-1bceafe2f8f5 deleted 
2020-12-27 16:28:47.995  INFO MBP-Smilyk --- [extShutdownHook] j.LocalContainerEntityManagerFactoryBean : Closing JPA EntityManagerFactory for persistence unit 'default'
2020-12-27 16:28:47.997  INFO MBP-Smilyk --- [extShutdownHook] o.s.s.c.ThreadPoolTaskExecutor           : Shutting down ExecutorService 'applicationTaskExecutor'
2020-12-27 16:28:47.998  INFO MBP-Smilyk --- [extShutdownHook] c.z.h.HikariDataSource                   : HikariPool-1 - Shutdown initiated...
2020-12-27 16:28:48.004  INFO MBP-Smilyk --- [extShutdownHook] c.z.h.HikariDataSource                   : HikariPool-1 - Shutdown completed.
