2021-02-04 12:20:30.912  INFO MBP-Smilyk --- [           main] c.ConditionerApplication                 : Starting ConditionerApplication on MBP-Smilyk with PID 24330 (/Users/smilyk/Desktop/Project_in_work/Conditioners/conditioners-back/target/classes started by smilyk in /Users/smilyk/Desktop/Project_in_work/Conditioners/conditioners-back)
2021-02-04 12:20:30.939  INFO MBP-Smilyk --- [           main] c.ConditionerApplication                 : No active profile set, falling back to default profiles: default
2021-02-04 12:20:32.677  INFO MBP-Smilyk --- [           main] .s.d.r.c.RepositoryConfigurationDelegate : Bootstrapping Spring Data JPA repositories in DEFERRED mode.
2021-02-04 12:20:32.822  INFO MBP-Smilyk --- [           main] .s.d.r.c.RepositoryConfigurationDelegate : Finished Spring Data repository scanning in 135ms. Found 9 JPA repository interfaces.
2021-02-04 12:20:33.655  INFO MBP-Smilyk --- [           main] o.s.b.w.e.t.TomcatWebServer              : Tomcat initialized with port(s): 8080 (http)
2021-02-04 12:20:33.669  INFO MBP-Smilyk --- [           main] o.a.c.h.Http11NioProtocol                : Initializing ProtocolHandler ["http-nio-8080"]
2021-02-04 12:20:33.670  INFO MBP-Smilyk --- [           main] o.a.c.c.StandardService                  : Starting service [Tomcat]
2021-02-04 12:20:33.670  INFO MBP-Smilyk --- [           main] o.a.c.c.StandardEngine                   : Starting Servlet engine: [Apache Tomcat/9.0.36]
2021-02-04 12:20:33.801  INFO MBP-Smilyk --- [           main] o.a.c.c.C.[.[.[/]                        : Initializing Spring embedded WebApplicationContext
2021-02-04 12:20:33.802  INFO MBP-Smilyk --- [           main] w.s.c.ServletWebServerApplicationContext : Root WebApplicationContext: initialization completed in 2755 ms
2021-02-04 12:20:34.138  INFO MBP-Smilyk --- [           main] o.s.s.c.ThreadPoolTaskExecutor           : Initializing ExecutorService 'applicationTaskExecutor'
2021-02-04 12:20:34.197  INFO MBP-Smilyk --- [         task-1] o.h.j.i.u.LogHelper                      : HHH000204: Processing PersistenceUnitInfo [name: default]
2021-02-04 12:20:34.286  INFO MBP-Smilyk --- [         task-1] o.h.Version                              : HHH000412: Hibernate ORM core version 5.4.17.Final
2021-02-04 12:20:34.513  INFO MBP-Smilyk --- [         task-1] o.h.a.c.Version                          : HCANN000001: Hibernate Commons Annotations {5.1.0.Final}
2021-02-04 12:20:34.705  INFO MBP-Smilyk --- [         task-1] c.z.h.HikariDataSource                   : HikariPool-1 - Starting...
2021-02-04 12:20:34.865  INFO MBP-Smilyk --- [           main] o.s.b.a.e.w.EndpointLinksResolver        : Exposing 14 endpoint(s) beneath base path '/actuator'
2021-02-04 12:20:34.958  INFO MBP-Smilyk --- [           main] pertySourcedRequestMappingHandlerMapping : Mapped URL path [/v2/api-docs] onto method [springfox.documentation.swagger2.web.Swagger2Controller#getDocumentation(String, HttpServletRequest)]
2021-02-04 12:20:35.110  WARN MBP-Smilyk --- [           main] JpaBaseConfiguration$JpaWebConfiguration : spring.jpa.open-in-view is enabled by default. Therefore, database queries may be performed during view rendering. Explicitly configure spring.jpa.open-in-view to disable this warning
2021-02-04 12:20:37.248  INFO MBP-Smilyk --- [         task-1] c.z.h.HikariDataSource                   : HikariPool-1 - Start completed.
2021-02-04 12:20:37.321  INFO MBP-Smilyk --- [         task-1] o.h.d.Dialect                            : HHH000400: Using dialect: org.hibernate.dialect.PostgreSQL10Dialect
2021-02-04 12:20:40.506  INFO MBP-Smilyk --- [         task-1] o.h.e.t.j.p.i.JtaPlatformInitiator       : HHH000490: Using JtaPlatform implementation: [org.hibernate.engine.transaction.jta.platform.internal.NoJtaPlatform]
2021-02-04 12:20:40.526  INFO MBP-Smilyk --- [         task-1] j.LocalContainerEntityManagerFactoryBean : Initialized JPA EntityManagerFactory for persistence unit 'default'
2021-02-04 12:20:40.646  INFO MBP-Smilyk --- [           main] o.a.c.h.Http11NioProtocol                : Starting ProtocolHandler ["http-nio-8080"]
2021-02-04 12:20:40.668  INFO MBP-Smilyk --- [           main] o.s.b.w.e.t.TomcatWebServer              : Tomcat started on port(s): 8080 (http) with context path ''
2021-02-04 12:20:40.669  INFO MBP-Smilyk --- [           main] d.s.w.p.DocumentationPluginsBootstrapper : Context refreshed
2021-02-04 12:20:40.693  INFO MBP-Smilyk --- [           main] d.s.w.p.DocumentationPluginsBootstrapper : Found 1 custom documentation plugin(s)
2021-02-04 12:20:40.776  INFO MBP-Smilyk --- [           main] s.d.s.w.s.ApiListingReferenceScanner     : Scanning for api listing references
2021-02-04 12:20:41.071  INFO MBP-Smilyk --- [           main] .d.s.w.r.o.CachingOperationNameGenerator : Generating unique operation named: handleUsingGET_1
2021-02-04 12:20:41.076  INFO MBP-Smilyk --- [           main] .d.s.w.r.o.CachingOperationNameGenerator : Generating unique operation named: handleUsingGET_2
2021-02-04 12:20:41.078  INFO MBP-Smilyk --- [           main] .d.s.w.r.o.CachingOperationNameGenerator : Generating unique operation named: handleUsingDELETE_1
2021-02-04 12:20:41.081  INFO MBP-Smilyk --- [           main] .d.s.w.r.o.CachingOperationNameGenerator : Generating unique operation named: handleUsingGET_3
2021-02-04 12:20:41.083  INFO MBP-Smilyk --- [           main] .d.s.w.r.o.CachingOperationNameGenerator : Generating unique operation named: handleUsingGET_4
2021-02-04 12:20:41.085  INFO MBP-Smilyk --- [           main] .d.s.w.r.o.CachingOperationNameGenerator : Generating unique operation named: handleUsingGET_5
2021-02-04 12:20:41.088  INFO MBP-Smilyk --- [           main] .d.s.w.r.o.CachingOperationNameGenerator : Generating unique operation named: handleUsingGET_6
2021-02-04 12:20:41.091  INFO MBP-Smilyk --- [           main] .d.s.w.r.o.CachingOperationNameGenerator : Generating unique operation named: handleUsingGET_7
2021-02-04 12:20:41.093  INFO MBP-Smilyk --- [           main] .d.s.w.r.o.CachingOperationNameGenerator : Generating unique operation named: handleUsingGET_8
2021-02-04 12:20:41.096  INFO MBP-Smilyk --- [           main] .d.s.w.r.o.CachingOperationNameGenerator : Generating unique operation named: handleUsingGET_9
2021-02-04 12:20:41.098  INFO MBP-Smilyk --- [           main] .d.s.w.r.o.CachingOperationNameGenerator : Generating unique operation named: handleUsingGET_10
2021-02-04 12:20:41.102  INFO MBP-Smilyk --- [           main] .d.s.w.r.o.CachingOperationNameGenerator : Generating unique operation named: handleUsingGET_11
2021-02-04 12:20:41.104  INFO MBP-Smilyk --- [           main] .d.s.w.r.o.CachingOperationNameGenerator : Generating unique operation named: handleUsingGET_12
2021-02-04 12:20:41.107  INFO MBP-Smilyk --- [           main] .d.s.w.r.o.CachingOperationNameGenerator : Generating unique operation named: handleUsingGET_13
2021-02-04 12:20:41.110  INFO MBP-Smilyk --- [           main] .d.s.w.r.o.CachingOperationNameGenerator : Generating unique operation named: handleUsingGET_14
2021-02-04 12:20:41.112  INFO MBP-Smilyk --- [           main] .d.s.w.r.o.CachingOperationNameGenerator : Generating unique operation named: handleUsingGET_15
2021-02-04 12:20:41.114  INFO MBP-Smilyk --- [           main] .d.s.w.r.o.CachingOperationNameGenerator : Generating unique operation named: handleUsingGET_16
2021-02-04 12:20:41.116  INFO MBP-Smilyk --- [           main] .d.s.w.r.o.CachingOperationNameGenerator : Generating unique operation named: handleUsingPOST_1
2021-02-04 12:20:41.119  INFO MBP-Smilyk --- [           main] .d.s.w.r.o.CachingOperationNameGenerator : Generating unique operation named: handleUsingGET_17
2021-02-04 12:20:41.216  INFO MBP-Smilyk --- [           main] .d.s.w.r.o.CachingOperationNameGenerator : Generating unique operation named: getAllConditionerWithMissedTypeMaintenanceUsingGET_1
2021-02-04 12:20:41.242  INFO MBP-Smilyk --- [           main] DeferredRepositoryInitializationListener : Triggering deferred initialization of Spring Data repositories…
2021-02-04 12:20:41.745  INFO MBP-Smilyk --- [           main] DeferredRepositoryInitializationListener : Spring Data repositories initialized!
2021-02-04 12:20:41.757  INFO MBP-Smilyk --- [           main] c.ConditionerApplication                 : Started ConditionerApplication in 11.53 seconds (JVM running for 13.387)
2021-02-04 12:20:41.763  INFO MBP-Smilyk --- [           main] c.ConditionerApplication                 : Logger start
2021-02-04 12:42:07.853  WARN MBP-Smilyk --- [l-1 housekeeper] c.z.h.p.HikariPool                       : HikariPool-1 - Thread starvation or clock leap detected (housekeeper delta=14m452ms).
2021-02-04 13:19:52.858  INFO MBP-Smilyk --- [extShutdownHook] j.LocalContainerEntityManagerFactoryBean : Closing JPA EntityManagerFactory for persistence unit 'default'
2021-02-04 13:19:52.861  INFO MBP-Smilyk --- [extShutdownHook] o.s.s.c.ThreadPoolTaskExecutor           : Shutting down ExecutorService 'applicationTaskExecutor'
2021-02-04 13:19:52.861  INFO MBP-Smilyk --- [extShutdownHook] c.z.h.HikariDataSource                   : HikariPool-1 - Shutdown initiated...
2021-02-04 13:19:52.864  INFO MBP-Smilyk --- [extShutdownHook] c.z.h.HikariDataSource                   : HikariPool-1 - Shutdown completed.
2021-02-04 13:29:08.203  INFO MBP-Smilyk --- [           main] c.ConditionerApplication                 : Starting ConditionerApplication on MBP-Smilyk with PID 24715 (/Users/smilyk/Desktop/Project_in_work/Conditioners/conditioners-back/target/classes started by smilyk in /Users/smilyk/Desktop/Project_in_work/Conditioners/conditioners-back)
2021-02-04 13:29:08.215  INFO MBP-Smilyk --- [           main] c.ConditionerApplication                 : No active profile set, falling back to default profiles: default
2021-02-04 13:29:09.798  INFO MBP-Smilyk --- [           main] .s.d.r.c.RepositoryConfigurationDelegate : Bootstrapping Spring Data JPA repositories in DEFERRED mode.
2021-02-04 13:29:09.945  INFO MBP-Smilyk --- [           main] .s.d.r.c.RepositoryConfigurationDelegate : Finished Spring Data repository scanning in 128ms. Found 10 JPA repository interfaces.
2021-02-04 13:29:10.743  INFO MBP-Smilyk --- [           main] o.s.b.w.e.t.TomcatWebServer              : Tomcat initialized with port(s): 8080 (http)
2021-02-04 13:29:10.758  INFO MBP-Smilyk --- [           main] o.a.c.h.Http11NioProtocol                : Initializing ProtocolHandler ["http-nio-8080"]
2021-02-04 13:29:10.758  INFO MBP-Smilyk --- [           main] o.a.c.c.StandardService                  : Starting service [Tomcat]
2021-02-04 13:29:10.760  INFO MBP-Smilyk --- [           main] o.a.c.c.StandardEngine                   : Starting Servlet engine: [Apache Tomcat/9.0.36]
2021-02-04 13:29:10.891  INFO MBP-Smilyk --- [           main] o.a.c.c.C.[.[.[/]                        : Initializing Spring embedded WebApplicationContext
2021-02-04 13:29:10.891  INFO MBP-Smilyk --- [           main] w.s.c.ServletWebServerApplicationContext : Root WebApplicationContext: initialization completed in 2606 ms
2021-02-04 13:29:11.216  INFO MBP-Smilyk --- [           main] o.s.s.c.ThreadPoolTaskExecutor           : Initializing ExecutorService 'applicationTaskExecutor'
2021-02-04 13:29:11.277  INFO MBP-Smilyk --- [         task-1] o.h.j.i.u.LogHelper                      : HHH000204: Processing PersistenceUnitInfo [name: default]
2021-02-04 13:29:11.340  INFO MBP-Smilyk --- [         task-1] o.h.Version                              : HHH000412: Hibernate ORM core version 5.4.17.Final
2021-02-04 13:29:11.543  INFO MBP-Smilyk --- [         task-1] o.h.a.c.Version                          : HCANN000001: Hibernate Commons Annotations {5.1.0.Final}
2021-02-04 13:29:11.685  INFO MBP-Smilyk --- [         task-1] c.z.h.HikariDataSource                   : HikariPool-1 - Starting...
2021-02-04 13:29:11.945  INFO MBP-Smilyk --- [           main] o.s.b.a.e.w.EndpointLinksResolver        : Exposing 14 endpoint(s) beneath base path '/actuator'
2021-02-04 13:29:12.050  INFO MBP-Smilyk --- [           main] pertySourcedRequestMappingHandlerMapping : Mapped URL path [/v2/api-docs] onto method [springfox.documentation.swagger2.web.Swagger2Controller#getDocumentation(String, HttpServletRequest)]
2021-02-04 13:29:12.213  WARN MBP-Smilyk --- [           main] JpaBaseConfiguration$JpaWebConfiguration : spring.jpa.open-in-view is enabled by default. Therefore, database queries may be performed during view rendering. Explicitly configure spring.jpa.open-in-view to disable this warning
2021-02-04 13:29:14.066  INFO MBP-Smilyk --- [         task-1] c.z.h.HikariDataSource                   : HikariPool-1 - Start completed.
2021-02-04 13:29:14.105  INFO MBP-Smilyk --- [         task-1] o.h.d.Dialect                            : HHH000400: Using dialect: org.hibernate.dialect.PostgreSQL10Dialect
2021-02-04 13:29:17.264  INFO MBP-Smilyk --- [         task-1] o.h.e.t.j.p.i.JtaPlatformInitiator       : HHH000490: Using JtaPlatform implementation: [org.hibernate.engine.transaction.jta.platform.internal.NoJtaPlatform]
2021-02-04 13:29:17.280  INFO MBP-Smilyk --- [         task-1] j.LocalContainerEntityManagerFactoryBean : Initialized JPA EntityManagerFactory for persistence unit 'default'
2021-02-04 13:29:17.457  INFO MBP-Smilyk --- [           main] o.a.c.h.Http11NioProtocol                : Starting ProtocolHandler ["http-nio-8080"]
2021-02-04 13:29:17.485  INFO MBP-Smilyk --- [           main] o.s.b.w.e.t.TomcatWebServer              : Tomcat started on port(s): 8080 (http) with context path ''
2021-02-04 13:29:17.486  INFO MBP-Smilyk --- [           main] d.s.w.p.DocumentationPluginsBootstrapper : Context refreshed
2021-02-04 13:29:17.510  INFO MBP-Smilyk --- [           main] d.s.w.p.DocumentationPluginsBootstrapper : Found 1 custom documentation plugin(s)
2021-02-04 13:29:17.569  INFO MBP-Smilyk --- [           main] s.d.s.w.s.ApiListingReferenceScanner     : Scanning for api listing references
2021-02-04 13:29:17.902  INFO MBP-Smilyk --- [           main] .d.s.w.r.o.CachingOperationNameGenerator : Generating unique operation named: handleUsingGET_1
2021-02-04 13:29:17.908  INFO MBP-Smilyk --- [           main] .d.s.w.r.o.CachingOperationNameGenerator : Generating unique operation named: handleUsingGET_2
2021-02-04 13:29:17.911  INFO MBP-Smilyk --- [           main] .d.s.w.r.o.CachingOperationNameGenerator : Generating unique operation named: handleUsingDELETE_1
2021-02-04 13:29:17.914  INFO MBP-Smilyk --- [           main] .d.s.w.r.o.CachingOperationNameGenerator : Generating unique operation named: handleUsingGET_3
2021-02-04 13:29:17.919  INFO MBP-Smilyk --- [           main] .d.s.w.r.o.CachingOperationNameGenerator : Generating unique operation named: handleUsingGET_4
2021-02-04 13:29:17.923  INFO MBP-Smilyk --- [           main] .d.s.w.r.o.CachingOperationNameGenerator : Generating unique operation named: handleUsingGET_5
2021-02-04 13:29:17.926  INFO MBP-Smilyk --- [           main] .d.s.w.r.o.CachingOperationNameGenerator : Generating unique operation named: handleUsingGET_6
2021-02-04 13:29:17.930  INFO MBP-Smilyk --- [           main] .d.s.w.r.o.CachingOperationNameGenerator : Generating unique operation named: handleUsingGET_7
2021-02-04 13:29:17.933  INFO MBP-Smilyk --- [           main] .d.s.w.r.o.CachingOperationNameGenerator : Generating unique operation named: handleUsingGET_8
2021-02-04 13:29:17.936  INFO MBP-Smilyk --- [           main] .d.s.w.r.o.CachingOperationNameGenerator : Generating unique operation named: handleUsingGET_9
2021-02-04 13:29:17.939  INFO MBP-Smilyk --- [           main] .d.s.w.r.o.CachingOperationNameGenerator : Generating unique operation named: handleUsingGET_10
2021-02-04 13:29:17.945  INFO MBP-Smilyk --- [           main] .d.s.w.r.o.CachingOperationNameGenerator : Generating unique operation named: handleUsingGET_11
2021-02-04 13:29:17.949  INFO MBP-Smilyk --- [           main] .d.s.w.r.o.CachingOperationNameGenerator : Generating unique operation named: handleUsingGET_12
2021-02-04 13:29:17.952  INFO MBP-Smilyk --- [           main] .d.s.w.r.o.CachingOperationNameGenerator : Generating unique operation named: handleUsingGET_13
2021-02-04 13:29:17.956  INFO MBP-Smilyk --- [           main] .d.s.w.r.o.CachingOperationNameGenerator : Generating unique operation named: handleUsingGET_14
2021-02-04 13:29:17.959  INFO MBP-Smilyk --- [           main] .d.s.w.r.o.CachingOperationNameGenerator : Generating unique operation named: handleUsingGET_15
2021-02-04 13:29:17.962  INFO MBP-Smilyk --- [           main] .d.s.w.r.o.CachingOperationNameGenerator : Generating unique operation named: handleUsingGET_16
2021-02-04 13:29:17.965  INFO MBP-Smilyk --- [           main] .d.s.w.r.o.CachingOperationNameGenerator : Generating unique operation named: handleUsingPOST_1
2021-02-04 13:29:17.968  INFO MBP-Smilyk --- [           main] .d.s.w.r.o.CachingOperationNameGenerator : Generating unique operation named: handleUsingGET_17
2021-02-04 13:29:18.093  INFO MBP-Smilyk --- [           main] .d.s.w.r.o.CachingOperationNameGenerator : Generating unique operation named: getAllConditionerWithMissedTypeMaintenanceUsingGET_1
2021-02-04 13:29:18.125  INFO MBP-Smilyk --- [           main] DeferredRepositoryInitializationListener : Triggering deferred initialization of Spring Data repositories…
2021-02-04 13:29:18.749  INFO MBP-Smilyk --- [           main] DeferredRepositoryInitializationListener : Spring Data repositories initialized!
2021-02-04 13:29:18.765  INFO MBP-Smilyk --- [           main] c.ConditionerApplication                 : Started ConditionerApplication in 11.155 seconds (JVM running for 12.629)
2021-02-04 13:29:18.779  INFO MBP-Smilyk --- [           main] c.ConditionerApplication                 : Logger start
2021-02-04 13:30:56.892  INFO MBP-Smilyk --- [extShutdownHook] j.LocalContainerEntityManagerFactoryBean : Closing JPA EntityManagerFactory for persistence unit 'default'
2021-02-04 13:30:56.895  INFO MBP-Smilyk --- [extShutdownHook] o.s.s.c.ThreadPoolTaskExecutor           : Shutting down ExecutorService 'applicationTaskExecutor'
2021-02-04 13:30:56.898  INFO MBP-Smilyk --- [extShutdownHook] c.z.h.HikariDataSource                   : HikariPool-1 - Shutdown initiated...
2021-02-04 13:30:56.910  INFO MBP-Smilyk --- [extShutdownHook] c.z.h.HikariDataSource                   : HikariPool-1 - Shutdown completed.
2021-02-04 13:31:03.453  INFO MBP-Smilyk --- [           main] c.ConditionerApplication                 : Starting ConditionerApplication on MBP-Smilyk with PID 24743 (/Users/smilyk/Desktop/Project_in_work/Conditioners/conditioners-back/target/classes started by smilyk in /Users/smilyk/Desktop/Project_in_work/Conditioners/conditioners-back)
2021-02-04 13:31:03.467  INFO MBP-Smilyk --- [           main] c.ConditionerApplication                 : No active profile set, falling back to default profiles: default
2021-02-04 13:31:05.178  INFO MBP-Smilyk --- [           main] .s.d.r.c.RepositoryConfigurationDelegate : Bootstrapping Spring Data JPA repositories in DEFERRED mode.
2021-02-04 13:31:05.420  INFO MBP-Smilyk --- [           main] .s.d.r.c.RepositoryConfigurationDelegate : Finished Spring Data repository scanning in 229ms. Found 10 JPA repository interfaces.
2021-02-04 13:31:06.655  INFO MBP-Smilyk --- [           main] o.s.b.w.e.t.TomcatWebServer              : Tomcat initialized with port(s): 8080 (http)
2021-02-04 13:31:06.672  INFO MBP-Smilyk --- [           main] o.a.c.h.Http11NioProtocol                : Initializing ProtocolHandler ["http-nio-8080"]
2021-02-04 13:31:06.673  INFO MBP-Smilyk --- [           main] o.a.c.c.StandardService                  : Starting service [Tomcat]
2021-02-04 13:31:06.673  INFO MBP-Smilyk --- [           main] o.a.c.c.StandardEngine                   : Starting Servlet engine: [Apache Tomcat/9.0.36]
2021-02-04 13:31:06.905  INFO MBP-Smilyk --- [           main] o.a.c.c.C.[.[.[/]                        : Initializing Spring embedded WebApplicationContext
2021-02-04 13:31:06.905  INFO MBP-Smilyk --- [           main] w.s.c.ServletWebServerApplicationContext : Root WebApplicationContext: initialization completed in 3296 ms
2021-02-04 13:31:07.313  INFO MBP-Smilyk --- [           main] o.s.s.c.ThreadPoolTaskExecutor           : Initializing ExecutorService 'applicationTaskExecutor'
2021-02-04 13:31:07.359  INFO MBP-Smilyk --- [         task-1] o.h.j.i.u.LogHelper                      : HHH000204: Processing PersistenceUnitInfo [name: default]
2021-02-04 13:31:07.415  INFO MBP-Smilyk --- [         task-1] o.h.Version                              : HHH000412: Hibernate ORM core version 5.4.17.Final
2021-02-04 13:31:07.574  INFO MBP-Smilyk --- [         task-1] o.h.a.c.Version                          : HCANN000001: Hibernate Commons Annotations {5.1.0.Final}
2021-02-04 13:31:07.703  INFO MBP-Smilyk --- [         task-1] c.z.h.HikariDataSource                   : HikariPool-1 - Starting...
2021-02-04 13:31:08.018  INFO MBP-Smilyk --- [           main] o.s.b.a.e.w.EndpointLinksResolver        : Exposing 14 endpoint(s) beneath base path '/actuator'
2021-02-04 13:31:08.157  INFO MBP-Smilyk --- [           main] pertySourcedRequestMappingHandlerMapping : Mapped URL path [/v2/api-docs] onto method [springfox.documentation.swagger2.web.Swagger2Controller#getDocumentation(String, HttpServletRequest)]
2021-02-04 13:31:08.347  WARN MBP-Smilyk --- [           main] JpaBaseConfiguration$JpaWebConfiguration : spring.jpa.open-in-view is enabled by default. Therefore, database queries may be performed during view rendering. Explicitly configure spring.jpa.open-in-view to disable this warning
2021-02-04 13:31:09.221  INFO MBP-Smilyk --- [         task-1] c.z.h.HikariDataSource                   : HikariPool-1 - Start completed.
2021-02-04 13:31:09.248  INFO MBP-Smilyk --- [         task-1] o.h.d.Dialect                            : HHH000400: Using dialect: org.hibernate.dialect.PostgreSQL10Dialect
2021-02-04 13:31:12.069  INFO MBP-Smilyk --- [         task-1] o.h.e.t.j.p.i.JtaPlatformInitiator       : HHH000490: Using JtaPlatform implementation: [org.hibernate.engine.transaction.jta.platform.internal.NoJtaPlatform]
2021-02-04 13:31:12.079  INFO MBP-Smilyk --- [         task-1] j.LocalContainerEntityManagerFactoryBean : Initialized JPA EntityManagerFactory for persistence unit 'default'
2021-02-04 13:31:12.206  INFO MBP-Smilyk --- [           main] o.a.c.h.Http11NioProtocol                : Starting ProtocolHandler ["http-nio-8080"]
2021-02-04 13:31:12.226  INFO MBP-Smilyk --- [           main] o.s.b.w.e.t.TomcatWebServer              : Tomcat started on port(s): 8080 (http) with context path ''
2021-02-04 13:31:12.227  INFO MBP-Smilyk --- [           main] d.s.w.p.DocumentationPluginsBootstrapper : Context refreshed
2021-02-04 13:31:12.243  INFO MBP-Smilyk --- [           main] d.s.w.p.DocumentationPluginsBootstrapper : Found 1 custom documentation plugin(s)
2021-02-04 13:31:12.299  INFO MBP-Smilyk --- [           main] s.d.s.w.s.ApiListingReferenceScanner     : Scanning for api listing references
2021-02-04 13:31:12.568  INFO MBP-Smilyk --- [           main] .d.s.w.r.o.CachingOperationNameGenerator : Generating unique operation named: handleUsingGET_1
2021-02-04 13:31:12.573  INFO MBP-Smilyk --- [           main] .d.s.w.r.o.CachingOperationNameGenerator : Generating unique operation named: handleUsingGET_2
2021-02-04 13:31:12.576  INFO MBP-Smilyk --- [           main] .d.s.w.r.o.CachingOperationNameGenerator : Generating unique operation named: handleUsingDELETE_1
2021-02-04 13:31:12.578  INFO MBP-Smilyk --- [           main] .d.s.w.r.o.CachingOperationNameGenerator : Generating unique operation named: handleUsingGET_3
2021-02-04 13:31:12.580  INFO MBP-Smilyk --- [           main] .d.s.w.r.o.CachingOperationNameGenerator : Generating unique operation named: handleUsingGET_4
2021-02-04 13:31:12.583  INFO MBP-Smilyk --- [           main] .d.s.w.r.o.CachingOperationNameGenerator : Generating unique operation named: handleUsingGET_5
2021-02-04 13:31:12.586  INFO MBP-Smilyk --- [           main] .d.s.w.r.o.CachingOperationNameGenerator : Generating unique operation named: handleUsingGET_6
2021-02-04 13:31:12.590  INFO MBP-Smilyk --- [           main] .d.s.w.r.o.CachingOperationNameGenerator : Generating unique operation named: handleUsingGET_7
2021-02-04 13:31:12.592  INFO MBP-Smilyk --- [           main] .d.s.w.r.o.CachingOperationNameGenerator : Generating unique operation named: handleUsingGET_8
2021-02-04 13:31:12.594  INFO MBP-Smilyk --- [           main] .d.s.w.r.o.CachingOperationNameGenerator : Generating unique operation named: handleUsingGET_9
2021-02-04 13:31:12.597  INFO MBP-Smilyk --- [           main] .d.s.w.r.o.CachingOperationNameGenerator : Generating unique operation named: handleUsingGET_10
2021-02-04 13:31:12.601  INFO MBP-Smilyk --- [           main] .d.s.w.r.o.CachingOperationNameGenerator : Generating unique operation named: handleUsingGET_11
2021-02-04 13:31:12.604  INFO MBP-Smilyk --- [           main] .d.s.w.r.o.CachingOperationNameGenerator : Generating unique operation named: handleUsingGET_12
2021-02-04 13:31:12.606  INFO MBP-Smilyk --- [           main] .d.s.w.r.o.CachingOperationNameGenerator : Generating unique operation named: handleUsingGET_13
2021-02-04 13:31:12.609  INFO MBP-Smilyk --- [           main] .d.s.w.r.o.CachingOperationNameGenerator : Generating unique operation named: handleUsingGET_14
2021-02-04 13:31:12.611  INFO MBP-Smilyk --- [           main] .d.s.w.r.o.CachingOperationNameGenerator : Generating unique operation named: handleUsingGET_15
2021-02-04 13:31:12.613  INFO MBP-Smilyk --- [           main] .d.s.w.r.o.CachingOperationNameGenerator : Generating unique operation named: handleUsingGET_16
2021-02-04 13:31:12.616  INFO MBP-Smilyk --- [           main] .d.s.w.r.o.CachingOperationNameGenerator : Generating unique operation named: handleUsingPOST_1
2021-02-04 13:31:12.618  INFO MBP-Smilyk --- [           main] .d.s.w.r.o.CachingOperationNameGenerator : Generating unique operation named: handleUsingGET_17
2021-02-04 13:31:12.719  INFO MBP-Smilyk --- [           main] .d.s.w.r.o.CachingOperationNameGenerator : Generating unique operation named: getAllConditionerWithMissedTypeMaintenanceUsingGET_1
2021-02-04 13:31:12.738  INFO MBP-Smilyk --- [           main] DeferredRepositoryInitializationListener : Triggering deferred initialization of Spring Data repositories…
2021-02-04 13:31:13.249  INFO MBP-Smilyk --- [           main] DeferredRepositoryInitializationListener : Spring Data repositories initialized!
2021-02-04 13:31:13.262  INFO MBP-Smilyk --- [           main] c.ConditionerApplication                 : Started ConditionerApplication in 10.353 seconds (JVM running for 11.918)
2021-02-04 13:31:13.267  INFO MBP-Smilyk --- [           main] c.ConditionerApplication                 : Logger start
2021-02-04 13:45:11.987  WARN MBP-Smilyk --- [l-1 housekeeper] c.z.h.p.HikariPool                       : HikariPool-1 - Thread starvation or clock leap detected (housekeeper delta=11m32s634ms).
2021-02-04 14:02:36.342  WARN MBP-Smilyk --- [l-1 housekeeper] c.z.h.p.HikariPool                       : HikariPool-1 - Thread starvation or clock leap detected (housekeeper delta=16m53s623ms).
2021-02-04 14:02:43.944  INFO MBP-Smilyk --- [extShutdownHook] j.LocalContainerEntityManagerFactoryBean : Closing JPA EntityManagerFactory for persistence unit 'default'
2021-02-04 14:02:43.946  INFO MBP-Smilyk --- [extShutdownHook] o.s.s.c.ThreadPoolTaskExecutor           : Shutting down ExecutorService 'applicationTaskExecutor'
2021-02-04 14:02:43.947  INFO MBP-Smilyk --- [extShutdownHook] c.z.h.HikariDataSource                   : HikariPool-1 - Shutdown initiated...
2021-02-04 14:02:43.953  INFO MBP-Smilyk --- [extShutdownHook] c.z.h.HikariDataSource                   : HikariPool-1 - Shutdown completed.
