2021-02-06 07:51:42.023  INFO MBP-Smilyk --- [           main] c.ConditionerApplication                 : Starting ConditionerApplication on MBP-Smilyk with PID 36461 (/Users/smilyk/Desktop/Project_in_work/Conditioners/conditioners-back/target/classes started by smilyk in /Users/smilyk/Desktop/Project_in_work/Conditioners/conditioners-back)
2021-02-06 07:51:42.058  INFO MBP-Smilyk --- [           main] c.ConditionerApplication                 : No active profile set, falling back to default profiles: default
2021-02-06 07:51:45.351  INFO MBP-Smilyk --- [           main] .s.d.r.c.RepositoryConfigurationDelegate : Bootstrapping Spring Data JPA repositories in DEFERRED mode.
2021-02-06 07:51:45.690  INFO MBP-Smilyk --- [           main] .s.d.r.c.RepositoryConfigurationDelegate : Finished Spring Data repository scanning in 321ms. Found 10 JPA repository interfaces.
2021-02-06 07:51:47.312  INFO MBP-Smilyk --- [           main] o.s.b.w.e.t.TomcatWebServer              : Tomcat initialized with port(s): 8080 (http)
2021-02-06 07:51:47.335  INFO MBP-Smilyk --- [           main] o.a.c.h.Http11NioProtocol                : Initializing ProtocolHandler ["http-nio-8080"]
2021-02-06 07:51:47.336  INFO MBP-Smilyk --- [           main] o.a.c.c.StandardService                  : Starting service [Tomcat]
2021-02-06 07:51:47.336  INFO MBP-Smilyk --- [           main] o.a.c.c.StandardEngine                   : Starting Servlet engine: [Apache Tomcat/9.0.36]
2021-02-06 07:51:47.530  INFO MBP-Smilyk --- [           main] o.a.c.c.C.[.[.[/]                        : Initializing Spring embedded WebApplicationContext
2021-02-06 07:51:47.531  INFO MBP-Smilyk --- [           main] w.s.c.ServletWebServerApplicationContext : Root WebApplicationContext: initialization completed in 5417 ms
2021-02-06 07:51:48.099  INFO MBP-Smilyk --- [           main] o.s.s.c.ThreadPoolTaskExecutor           : Initializing ExecutorService 'applicationTaskExecutor'
2021-02-06 07:51:48.190  INFO MBP-Smilyk --- [         task-1] o.h.j.i.u.LogHelper                      : HHH000204: Processing PersistenceUnitInfo [name: default]
2021-02-06 07:51:48.268  INFO MBP-Smilyk --- [         task-1] o.h.Version                              : HHH000412: Hibernate ORM core version 5.4.17.Final
2021-02-06 07:51:48.503  INFO MBP-Smilyk --- [         task-1] o.h.a.c.Version                          : HCANN000001: Hibernate Commons Annotations {5.1.0.Final}
2021-02-06 07:51:48.741  INFO MBP-Smilyk --- [         task-1] c.z.h.HikariDataSource                   : HikariPool-1 - Starting...
2021-02-06 07:51:49.550  INFO MBP-Smilyk --- [           main] o.s.b.a.e.w.EndpointLinksResolver        : Exposing 14 endpoint(s) beneath base path '/actuator'
2021-02-06 07:51:49.765  INFO MBP-Smilyk --- [           main] pertySourcedRequestMappingHandlerMapping : Mapped URL path [/v2/api-docs] onto method [springfox.documentation.swagger2.web.Swagger2Controller#getDocumentation(String, HttpServletRequest)]
2021-02-06 07:51:50.112  WARN MBP-Smilyk --- [           main] JpaBaseConfiguration$JpaWebConfiguration : spring.jpa.open-in-view is enabled by default. Therefore, database queries may be performed during view rendering. Explicitly configure spring.jpa.open-in-view to disable this warning
2021-02-06 07:51:50.519  INFO MBP-Smilyk --- [         task-1] c.z.h.HikariDataSource                   : HikariPool-1 - Start completed.
2021-02-06 07:51:50.595  INFO MBP-Smilyk --- [         task-1] o.h.d.Dialect                            : HHH000400: Using dialect: org.hibernate.dialect.PostgreSQL10Dialect
2021-02-06 07:51:54.405  INFO MBP-Smilyk --- [         task-1] o.h.e.t.j.p.i.JtaPlatformInitiator       : HHH000490: Using JtaPlatform implementation: [org.hibernate.engine.transaction.jta.platform.internal.NoJtaPlatform]
2021-02-06 07:51:54.415  INFO MBP-Smilyk --- [         task-1] j.LocalContainerEntityManagerFactoryBean : Initialized JPA EntityManagerFactory for persistence unit 'default'
2021-02-06 07:51:54.703  INFO MBP-Smilyk --- [           main] o.a.c.h.Http11NioProtocol                : Starting ProtocolHandler ["http-nio-8080"]
2021-02-06 07:51:54.748  INFO MBP-Smilyk --- [           main] o.s.b.w.e.t.TomcatWebServer              : Tomcat started on port(s): 8080 (http) with context path ''
2021-02-06 07:51:54.750  INFO MBP-Smilyk --- [           main] d.s.w.p.DocumentationPluginsBootstrapper : Context refreshed
2021-02-06 07:51:54.803  INFO MBP-Smilyk --- [           main] d.s.w.p.DocumentationPluginsBootstrapper : Found 1 custom documentation plugin(s)
2021-02-06 07:51:54.895  INFO MBP-Smilyk --- [           main] s.d.s.w.s.ApiListingReferenceScanner     : Scanning for api listing references
2021-02-06 07:51:55.399  INFO MBP-Smilyk --- [           main] .d.s.w.r.o.CachingOperationNameGenerator : Generating unique operation named: handleUsingGET_1
2021-02-06 07:51:55.405  INFO MBP-Smilyk --- [           main] .d.s.w.r.o.CachingOperationNameGenerator : Generating unique operation named: handleUsingGET_2
2021-02-06 07:51:55.408  INFO MBP-Smilyk --- [           main] .d.s.w.r.o.CachingOperationNameGenerator : Generating unique operation named: handleUsingDELETE_1
2021-02-06 07:51:55.412  INFO MBP-Smilyk --- [           main] .d.s.w.r.o.CachingOperationNameGenerator : Generating unique operation named: handleUsingGET_3
2021-02-06 07:51:55.417  INFO MBP-Smilyk --- [           main] .d.s.w.r.o.CachingOperationNameGenerator : Generating unique operation named: handleUsingGET_4
2021-02-06 07:51:55.420  INFO MBP-Smilyk --- [           main] .d.s.w.r.o.CachingOperationNameGenerator : Generating unique operation named: handleUsingGET_5
2021-02-06 07:51:55.426  INFO MBP-Smilyk --- [           main] .d.s.w.r.o.CachingOperationNameGenerator : Generating unique operation named: handleUsingGET_6
2021-02-06 07:51:55.430  INFO MBP-Smilyk --- [           main] .d.s.w.r.o.CachingOperationNameGenerator : Generating unique operation named: handleUsingGET_7
2021-02-06 07:51:55.437  INFO MBP-Smilyk --- [           main] .d.s.w.r.o.CachingOperationNameGenerator : Generating unique operation named: handleUsingGET_8
2021-02-06 07:51:55.445  INFO MBP-Smilyk --- [           main] .d.s.w.r.o.CachingOperationNameGenerator : Generating unique operation named: handleUsingGET_9
2021-02-06 07:51:55.448  INFO MBP-Smilyk --- [           main] .d.s.w.r.o.CachingOperationNameGenerator : Generating unique operation named: handleUsingGET_10
2021-02-06 07:51:55.455  INFO MBP-Smilyk --- [           main] .d.s.w.r.o.CachingOperationNameGenerator : Generating unique operation named: handleUsingGET_11
2021-02-06 07:51:55.459  INFO MBP-Smilyk --- [           main] .d.s.w.r.o.CachingOperationNameGenerator : Generating unique operation named: handleUsingGET_12
2021-02-06 07:51:55.473  INFO MBP-Smilyk --- [           main] .d.s.w.r.o.CachingOperationNameGenerator : Generating unique operation named: handleUsingGET_13
2021-02-06 07:51:55.479  INFO MBP-Smilyk --- [           main] .d.s.w.r.o.CachingOperationNameGenerator : Generating unique operation named: handleUsingGET_14
2021-02-06 07:51:55.481  INFO MBP-Smilyk --- [           main] .d.s.w.r.o.CachingOperationNameGenerator : Generating unique operation named: handleUsingGET_15
2021-02-06 07:51:55.485  INFO MBP-Smilyk --- [           main] .d.s.w.r.o.CachingOperationNameGenerator : Generating unique operation named: handleUsingGET_16
2021-02-06 07:51:55.488  INFO MBP-Smilyk --- [           main] .d.s.w.r.o.CachingOperationNameGenerator : Generating unique operation named: handleUsingPOST_1
2021-02-06 07:51:55.491  INFO MBP-Smilyk --- [           main] .d.s.w.r.o.CachingOperationNameGenerator : Generating unique operation named: handleUsingGET_17
2021-02-06 07:51:55.755  INFO MBP-Smilyk --- [           main] .d.s.w.r.o.CachingOperationNameGenerator : Generating unique operation named: getAllConditionerWithMissedTypeMaintenanceUsingGET_1
2021-02-06 07:51:55.791  INFO MBP-Smilyk --- [           main] DeferredRepositoryInitializationListener : Triggering deferred initialization of Spring Data repositories…
2021-02-06 07:51:56.993  INFO MBP-Smilyk --- [           main] DeferredRepositoryInitializationListener : Spring Data repositories initialized!
2021-02-06 07:51:57.030  INFO MBP-Smilyk --- [           main] c.ConditionerApplication                 : Started ConditionerApplication in 16.557 seconds (JVM running for 19.482)
2021-02-06 07:51:57.068  INFO MBP-Smilyk --- [           main] c.ConditionerApplication                 : Logger start
2021-02-06 07:52:06.195  INFO MBP-Smilyk --- [nio-8080-exec-1] o.a.c.c.C.[.[.[/]                        : Initializing Spring DispatcherServlet 'dispatcherServlet'
2021-02-06 07:52:06.196  INFO MBP-Smilyk --- [nio-8080-exec-1] o.s.w.s.DispatcherServlet                : Initializing Servlet 'dispatcherServlet'
2021-02-06 07:52:06.204  INFO MBP-Smilyk --- [nio-8080-exec-1] o.s.w.s.DispatcherServlet                : Completed initialization in 7 ms
2021-02-06 08:29:18.176  WARN MBP-Smilyk --- [l-1 housekeeper] c.z.h.p.HikariPool                       : HikariPool-1 - Thread starvation or clock leap detected (housekeeper delta=3m57s387ms).
2021-02-06 09:49:59.119  WARN MBP-Smilyk --- [l-1 housekeeper] c.z.h.p.HikariPool                       : HikariPool-1 - Thread starvation or clock leap detected (housekeeper delta=2m40s479ms).
2021-02-06 10:15:30.236  INFO MBP-Smilyk --- [extShutdownHook] j.LocalContainerEntityManagerFactoryBean : Closing JPA EntityManagerFactory for persistence unit 'default'
2021-02-06 10:15:30.239  INFO MBP-Smilyk --- [extShutdownHook] o.s.s.c.ThreadPoolTaskExecutor           : Shutting down ExecutorService 'applicationTaskExecutor'
2021-02-06 10:15:30.239  INFO MBP-Smilyk --- [extShutdownHook] c.z.h.HikariDataSource                   : HikariPool-1 - Shutdown initiated...
2021-02-06 10:15:30.242  INFO MBP-Smilyk --- [extShutdownHook] c.z.h.HikariDataSource                   : HikariPool-1 - Shutdown completed.
2021-02-06 11:30:00.447  INFO MBP-Smilyk --- [           main] c.ConditionerApplication                 : Starting ConditionerApplication on MBP-Smilyk with PID 38429 (/Users/smilyk/Desktop/Project_in_work/Conditioners/conditioners-back/target/classes started by smilyk in /Users/smilyk/Desktop/Project_in_work/Conditioners/conditioners-back)
2021-02-06 11:30:00.457  INFO MBP-Smilyk --- [           main] c.ConditionerApplication                 : No active profile set, falling back to default profiles: default
2021-02-06 11:30:01.916  INFO MBP-Smilyk --- [           main] .s.d.r.c.RepositoryConfigurationDelegate : Bootstrapping Spring Data JPA repositories in DEFERRED mode.
2021-02-06 11:30:02.029  INFO MBP-Smilyk --- [           main] .s.d.r.c.RepositoryConfigurationDelegate : Finished Spring Data repository scanning in 104ms. Found 10 JPA repository interfaces.
2021-02-06 11:30:02.760  INFO MBP-Smilyk --- [           main] o.s.b.w.e.t.TomcatWebServer              : Tomcat initialized with port(s): 8080 (http)
2021-02-06 11:30:02.771  INFO MBP-Smilyk --- [           main] o.a.c.h.Http11NioProtocol                : Initializing ProtocolHandler ["http-nio-8080"]
2021-02-06 11:30:02.772  INFO MBP-Smilyk --- [           main] o.a.c.c.StandardService                  : Starting service [Tomcat]
2021-02-06 11:30:02.772  INFO MBP-Smilyk --- [           main] o.a.c.c.StandardEngine                   : Starting Servlet engine: [Apache Tomcat/9.0.36]
2021-02-06 11:30:02.888  INFO MBP-Smilyk --- [           main] o.a.c.c.C.[.[.[/]                        : Initializing Spring embedded WebApplicationContext
2021-02-06 11:30:02.888  INFO MBP-Smilyk --- [           main] w.s.c.ServletWebServerApplicationContext : Root WebApplicationContext: initialization completed in 2379 ms
2021-02-06 11:30:03.178  INFO MBP-Smilyk --- [           main] o.s.s.c.ThreadPoolTaskExecutor           : Initializing ExecutorService 'applicationTaskExecutor'
2021-02-06 11:30:03.228  INFO MBP-Smilyk --- [         task-1] o.h.j.i.u.LogHelper                      : HHH000204: Processing PersistenceUnitInfo [name: default]
2021-02-06 11:30:03.310  INFO MBP-Smilyk --- [         task-1] o.h.Version                              : HHH000412: Hibernate ORM core version 5.4.17.Final
2021-02-06 11:30:03.518  INFO MBP-Smilyk --- [         task-1] o.h.a.c.Version                          : HCANN000001: Hibernate Commons Annotations {5.1.0.Final}
2021-02-06 11:30:03.669  INFO MBP-Smilyk --- [         task-1] c.z.h.HikariDataSource                   : HikariPool-1 - Starting...
2021-02-06 11:30:03.849  INFO MBP-Smilyk --- [           main] o.s.b.a.e.w.EndpointLinksResolver        : Exposing 14 endpoint(s) beneath base path '/actuator'
2021-02-06 11:30:03.930  INFO MBP-Smilyk --- [           main] pertySourcedRequestMappingHandlerMapping : Mapped URL path [/v2/api-docs] onto method [springfox.documentation.swagger2.web.Swagger2Controller#getDocumentation(String, HttpServletRequest)]
2021-02-06 11:30:04.119  WARN MBP-Smilyk --- [           main] JpaBaseConfiguration$JpaWebConfiguration : spring.jpa.open-in-view is enabled by default. Therefore, database queries may be performed during view rendering. Explicitly configure spring.jpa.open-in-view to disable this warning
2021-02-06 11:30:05.067  INFO MBP-Smilyk --- [         task-1] c.z.h.HikariDataSource                   : HikariPool-1 - Start completed.
2021-02-06 11:30:05.128  INFO MBP-Smilyk --- [         task-1] o.h.d.Dialect                            : HHH000400: Using dialect: org.hibernate.dialect.PostgreSQL10Dialect
2021-02-06 11:30:08.226  INFO MBP-Smilyk --- [         task-1] o.h.e.t.j.p.i.JtaPlatformInitiator       : HHH000490: Using JtaPlatform implementation: [org.hibernate.engine.transaction.jta.platform.internal.NoJtaPlatform]
2021-02-06 11:30:08.252  INFO MBP-Smilyk --- [         task-1] j.LocalContainerEntityManagerFactoryBean : Initialized JPA EntityManagerFactory for persistence unit 'default'
2021-02-06 11:30:08.386  INFO MBP-Smilyk --- [           main] o.a.c.h.Http11NioProtocol                : Starting ProtocolHandler ["http-nio-8080"]
2021-02-06 11:30:08.406  INFO MBP-Smilyk --- [           main] o.s.b.w.e.t.TomcatWebServer              : Tomcat started on port(s): 8080 (http) with context path ''
2021-02-06 11:30:08.407  INFO MBP-Smilyk --- [           main] d.s.w.p.DocumentationPluginsBootstrapper : Context refreshed
2021-02-06 11:30:08.433  INFO MBP-Smilyk --- [           main] d.s.w.p.DocumentationPluginsBootstrapper : Found 1 custom documentation plugin(s)
2021-02-06 11:30:08.498  INFO MBP-Smilyk --- [           main] s.d.s.w.s.ApiListingReferenceScanner     : Scanning for api listing references
2021-02-06 11:30:08.778  INFO MBP-Smilyk --- [           main] .d.s.w.r.o.CachingOperationNameGenerator : Generating unique operation named: handleUsingGET_1
2021-02-06 11:30:08.783  INFO MBP-Smilyk --- [           main] .d.s.w.r.o.CachingOperationNameGenerator : Generating unique operation named: handleUsingGET_2
2021-02-06 11:30:08.786  INFO MBP-Smilyk --- [           main] .d.s.w.r.o.CachingOperationNameGenerator : Generating unique operation named: handleUsingDELETE_1
2021-02-06 11:30:08.788  INFO MBP-Smilyk --- [           main] .d.s.w.r.o.CachingOperationNameGenerator : Generating unique operation named: handleUsingGET_3
2021-02-06 11:30:08.790  INFO MBP-Smilyk --- [           main] .d.s.w.r.o.CachingOperationNameGenerator : Generating unique operation named: handleUsingGET_4
2021-02-06 11:30:08.793  INFO MBP-Smilyk --- [           main] .d.s.w.r.o.CachingOperationNameGenerator : Generating unique operation named: handleUsingGET_5
2021-02-06 11:30:08.795  INFO MBP-Smilyk --- [           main] .d.s.w.r.o.CachingOperationNameGenerator : Generating unique operation named: handleUsingGET_6
2021-02-06 11:30:08.798  INFO MBP-Smilyk --- [           main] .d.s.w.r.o.CachingOperationNameGenerator : Generating unique operation named: handleUsingGET_7
2021-02-06 11:30:08.802  INFO MBP-Smilyk --- [           main] .d.s.w.r.o.CachingOperationNameGenerator : Generating unique operation named: handleUsingGET_8
2021-02-06 11:30:08.804  INFO MBP-Smilyk --- [           main] .d.s.w.r.o.CachingOperationNameGenerator : Generating unique operation named: handleUsingGET_9
2021-02-06 11:30:08.806  INFO MBP-Smilyk --- [           main] .d.s.w.r.o.CachingOperationNameGenerator : Generating unique operation named: handleUsingGET_10
2021-02-06 11:30:08.811  INFO MBP-Smilyk --- [           main] .d.s.w.r.o.CachingOperationNameGenerator : Generating unique operation named: handleUsingGET_11
2021-02-06 11:30:08.814  INFO MBP-Smilyk --- [           main] .d.s.w.r.o.CachingOperationNameGenerator : Generating unique operation named: handleUsingGET_12
2021-02-06 11:30:08.816  INFO MBP-Smilyk --- [           main] .d.s.w.r.o.CachingOperationNameGenerator : Generating unique operation named: handleUsingGET_13
2021-02-06 11:30:08.819  INFO MBP-Smilyk --- [           main] .d.s.w.r.o.CachingOperationNameGenerator : Generating unique operation named: handleUsingGET_14
2021-02-06 11:30:08.821  INFO MBP-Smilyk --- [           main] .d.s.w.r.o.CachingOperationNameGenerator : Generating unique operation named: handleUsingGET_15
2021-02-06 11:30:08.823  INFO MBP-Smilyk --- [           main] .d.s.w.r.o.CachingOperationNameGenerator : Generating unique operation named: handleUsingGET_16
2021-02-06 11:30:08.825  INFO MBP-Smilyk --- [           main] .d.s.w.r.o.CachingOperationNameGenerator : Generating unique operation named: handleUsingPOST_1
2021-02-06 11:30:08.828  INFO MBP-Smilyk --- [           main] .d.s.w.r.o.CachingOperationNameGenerator : Generating unique operation named: handleUsingGET_17
2021-02-06 11:30:08.945  INFO MBP-Smilyk --- [           main] .d.s.w.r.o.CachingOperationNameGenerator : Generating unique operation named: getAllConditionerWithMissedTypeMaintenanceUsingGET_1
2021-02-06 11:30:08.968  INFO MBP-Smilyk --- [           main] DeferredRepositoryInitializationListener : Triggering deferred initialization of Spring Data repositories…
2021-02-06 11:30:09.532  INFO MBP-Smilyk --- [           main] DeferredRepositoryInitializationListener : Spring Data repositories initialized!
2021-02-06 11:30:09.544  INFO MBP-Smilyk --- [           main] c.ConditionerApplication                 : Started ConditionerApplication in 9.639 seconds (JVM running for 11.796)
2021-02-06 11:30:09.556  INFO MBP-Smilyk --- [           main] c.ConditionerApplication                 : Logger start
2021-02-06 11:33:14.919  WARN MBP-Smilyk --- [l-1 housekeeper] c.z.h.p.HikariPool                       : HikariPool-1 - Thread starvation or clock leap detected (housekeeper delta=1m39s737ms).
2021-02-06 11:47:27.673  WARN MBP-Smilyk --- [l-1 housekeeper] c.z.h.p.HikariPool                       : HikariPool-1 - Thread starvation or clock leap detected (housekeeper delta=13m42s725ms).
2021-02-06 12:02:18.145  WARN MBP-Smilyk --- [l-1 housekeeper] c.z.h.p.HikariPool                       : HikariPool-1 - Thread starvation or clock leap detected (housekeeper delta=14m20s450ms).
2021-02-06 12:16:57.005  WARN MBP-Smilyk --- [l-1 housekeeper] c.z.h.p.HikariPool                       : HikariPool-1 - Thread starvation or clock leap detected (housekeeper delta=14m38s860ms).
2021-02-06 14:17:54.094  WARN MBP-Smilyk --- [l-1 housekeeper] c.z.h.p.HikariPool                       : HikariPool-1 - Thread starvation or clock leap detected (housekeeper delta=2h27s83ms).
2021-02-06 14:38:22.529  WARN MBP-Smilyk --- [l-1 housekeeper] c.z.h.p.HikariPool                       : HikariPool-1 - Thread starvation or clock leap detected (housekeeper delta=20m28s434ms).
2021-02-06 14:58:33.005  WARN MBP-Smilyk --- [l-1 housekeeper] c.z.h.p.HikariPool                       : HikariPool-1 - Thread starvation or clock leap detected (housekeeper delta=20m10s477ms).
2021-02-06 15:06:16.150  WARN MBP-Smilyk --- [l-1 housekeeper] c.z.h.p.HikariPool                       : HikariPool-1 - Thread starvation or clock leap detected (housekeeper delta=7m13s143ms).
2021-02-06 17:07:14.285  WARN MBP-Smilyk --- [l-1 housekeeper] c.z.h.p.HikariPool                       : HikariPool-1 - Thread starvation or clock leap detected (housekeeper delta=2h28s122ms).
2021-02-06 17:20:58.387  WARN MBP-Smilyk --- [l-1 housekeeper] c.z.h.p.HikariPool                       : HikariPool-1 - Thread starvation or clock leap detected (housekeeper delta=13m14s79ms).
2021-02-06 17:37:39.525  WARN MBP-Smilyk --- [l-1 housekeeper] c.z.h.p.HikariPool                       : HikariPool-1 - Thread starvation or clock leap detected (housekeeper delta=16m11s121ms).
2021-02-06 18:06:35.642  WARN MBP-Smilyk --- [l-1 housekeeper] c.z.h.p.HikariPool                       : HikariPool-1 - Thread starvation or clock leap detected (housekeeper delta=28m56s117ms).
2021-02-06 18:39:27.377  WARN MBP-Smilyk --- [l-1 housekeeper] c.z.h.p.HikariPool                       : HikariPool-1 - Thread starvation or clock leap detected (housekeeper delta=12m21s558ms).
2021-02-06 19:32:01.968  WARN MBP-Smilyk --- [l-1 housekeeper] c.z.h.p.HikariPool                       : HikariPool-1 - Thread starvation or clock leap detected (housekeeper delta=14m34s320ms).
2021-02-06 19:36:08.005  WARN MBP-Smilyk --- [l-1 housekeeper] c.z.h.p.HikariPool                       : HikariPool-1 - Thread starvation or clock leap detected (housekeeper delta=4m6s37ms).
2021-02-06 20:05:33.726  WARN MBP-Smilyk --- [l-1 housekeeper] c.z.h.p.HikariPool                       : HikariPool-1 - Thread starvation or clock leap detected (housekeeper delta=12m55s500ms).
2021-02-06 21:06:45.144  WARN MBP-Smilyk --- [l-1 housekeeper] c.z.h.p.HikariPool                       : HikariPool-1 - Thread starvation or clock leap detected (housekeeper delta=18m41s53ms).
2021-02-06 21:22:26.262  WARN MBP-Smilyk --- [l-1 housekeeper] c.z.h.p.HikariPool                       : HikariPool-1 - Thread starvation or clock leap detected (housekeeper delta=15m41s119ms).
2021-02-06 21:43:23.402  WARN MBP-Smilyk --- [l-1 housekeeper] c.z.h.p.HikariPool                       : HikariPool-1 - Thread starvation or clock leap detected (housekeeper delta=20m27s138ms).
